maxY=500 maxX=500
TEXTURESIZE=100 HALFTEXTURE=50


sizePeice.x= 100 sizePeice.y= 100
i=0 pos.x=0 pos.y=0
sizePeice.x= 100 sizePeice.y= 100
i=1 pos.x=200 pos.y=0
sizePeice.x= 100 sizePeice.y= 100
i=2 pos.x=400 pos.y=0
sizePeice.x= 100 sizePeice.y= 100
i=3 pos.x=0 pos.y=200
sizePeice.x= 100 sizePeice.y= 100
i=4 pos.x=200 pos.y=200
sizePeice.x= 100 sizePeice.y= 100
i=5 pos.x=400 pos.y=200
sizePeice.x= 100 sizePeice.y= 100
i=6 pos.x=0 pos.y=400
sizePeice.x= 100 sizePeice.y= 100
i=7 pos.x=200 pos.y=400
sizePeice.x= 100 sizePeice.y= 100
i=8 pos.x=400 pos.y=400




computer turn to move.

- - - - - - - - - - Game Status - - - - - - - - - -
x = [0,0,0]
y = [1,0,0]
z = [0,0,0]
game is continue
computer init move = 4
temp_computerMoveCell = 4
computer move applied to ui cellid=4
temp_computerMoveCell = 4




maxY=500 maxX=500
TEXTURESIZE=100 HALFTEXTURE=50


sizePeice.x= 100 sizePeice.y= 100
i=0 pos.x=0 pos.y=0
sizePeice.x= 100 sizePeice.y= 100
i=1 pos.x=200 pos.y=0
sizePeice.x= 100 sizePeice.y= 100
i=2 pos.x=400 pos.y=0
sizePeice.x= 100 sizePeice.y= 100
i=3 pos.x=0 pos.y=200
sizePeice.x= 100 sizePeice.y= 100
i=4 pos.x=200 pos.y=200
sizePeice.x= 100 sizePeice.y= 100
i=5 pos.x=400 pos.y=200
sizePeice.x= 100 sizePeice.y= 100
i=6 pos.x=0 pos.y=400
sizePeice.x= 100 sizePeice.y= 100
i=7 pos.x=200 pos.y=400
sizePeice.x= 100 sizePeice.y= 100
i=8 pos.x=400 pos.y=400




computer turn to move.

- - - - - - - - - - Game Status - - - - - - - - - -
x = [0,0,0]
y = [0,0,0]
z = [1,0,0]
game is continue
computer init move = 7
temp_computerMoveCell-1 = 6
computer move applied to ui cellid-1=6
temp_computerMoveCell-1 = 6




player turn to move.
		mouse is clicked on sprite i=2+1

- - - - - - - - - - Game Status - - - - - - - - - -
x = [0,0,2]
y = [0,0,0]
z = [1,0,0]
game is continue
player move applied to ui cellid-1=2
temp_playerMoveCell-1 = 2




computer turn to move.
[DUPLICATE INPUT] the z0 cell is full.
[COMPUER MOVE INFO] the random cell were full, i'll try again find another cell.

- - - - - - - - - - Game Status - - - - - - - - - -
x = [0,0,2]
y = [0,0,0]
z = [1,0,1]
game is continue
computer init move = 9
temp_computerMoveCell-1 = 8
computer move applied to ui cellid-1=8
temp_computerMoveCell-1 = 8




player turn to move.
		mouse is clicked on sprite i=7+1

- - - - - - - - - - Game Status - - - - - - - - - -
x = [0,0,2]
y = [0,0,0]
z = [1,2,1]
game is continue
player move applied to ui cellid-1=7
temp_playerMoveCell-1 = 7




computer turn to move.
[DUPLICATE INPUT] the z2 cell is full.
[COMPUER MOVE INFO] the random cell were full, i'll try again find another cell.

- - - - - - - - - - Game Status - - - - - - - - - -
x = [1,0,2]
y = [0,0,0]
z = [1,2,1]
game is continue
computer init move = 1
temp_computerMoveCell-1 = 0
computer move applied to ui cellid-1=0
temp_computerMoveCell-1 = 0




player turn to move.
		mouse is clicked on sprite i=4+1

- - - - - - - - - - Game Status - - - - - - - - - -
x = [1,0,2]
y = [0,2,0]
z = [1,2,1]
game is continue
player move applied to ui cellid-1=4
temp_playerMoveCell-1 = 4




computer turn to move.

- - - - - - - - - - Game Status - - - - - - - - - -
x = [1,0,2]
y = [1,2,0]
z = [1,2,1]
player 1 won by raw xyz 0
temp_computerMoveCell-1 = 3
computer move applied to ui cellid-1=3
temp_computerMoveCell-1 = 3




game end?
maxY=500 maxX=500
TEXTURESIZE=100 HALFTEXTURE=50


sizePeice.x= 100 sizePeice.y= 100
i=0 pos.x=0 pos.y=0
sizePeice.x= 100 sizePeice.y= 100
i=1 pos.x=200 pos.y=0
sizePeice.x= 100 sizePeice.y= 100
i=2 pos.x=400 pos.y=0
sizePeice.x= 100 sizePeice.y= 100
i=3 pos.x=0 pos.y=200
sizePeice.x= 100 sizePeice.y= 100
i=4 pos.x=200 pos.y=200
sizePeice.x= 100 sizePeice.y= 100
i=5 pos.x=400 pos.y=200
sizePeice.x= 100 sizePeice.y= 100
i=6 pos.x=0 pos.y=400
sizePeice.x= 100 sizePeice.y= 100
i=7 pos.x=200 pos.y=400
sizePeice.x= 100 sizePeice.y= 100
i=8 pos.x=400 pos.y=400




computer turn to move.

- - - - - - - - - - Game Status - - - - - - - - - -
x = [0,0,0]
y = [0,0,0]
z = [1,0,0]
game is continue
computer init move = 7
temp_computerMoveCell-1 = 6
computer move applied to ui cellid-1=6
temp_computerMoveCell-1 = 6




player turn to move.
		mouse is clicked on sprite i=4+1

- - - - - - - - - - Game Status - - - - - - - - - -
x = [0,0,0]
y = [0,2,0]
z = [1,0,0]
game is continue
player move applied to ui cellid-1=4
temp_playerMoveCell-1 = 4




computer turn to move.

- - - - - - - - - - Game Status - - - - - - - - - -
x = [0,0,0]
y = [0,2,0]
z = [1,1,0]
game is continue
computer init move = 8
temp_computerMoveCell-1 = 7
computer move applied to ui cellid-1=7
temp_computerMoveCell-1 = 7




player turn to move.
		mouse is clicked on sprite i=8+1

- - - - - - - - - - Game Status - - - - - - - - - -
x = [0,0,0]
y = [0,2,0]
z = [1,1,2]
game is continue
player move applied to ui cellid-1=8
temp_playerMoveCell-1 = 8




computer turn to move.

- - - - - - - - - - Game Status - - - - - - - - - -
x = [1,0,0]
y = [0,2,0]
z = [1,1,2]
game is continue
temp_computerMoveCell-1 = 0
computer move applied to ui cellid-1=0
temp_computerMoveCell-1 = 0




player turn to move.
		mouse is clicked on sprite i=3+1

- - - - - - - - - - Game Status - - - - - - - - - -
x = [1,0,0]
y = [2,2,0]
z = [1,1,2]
game is continue
player move applied to ui cellid-1=3
temp_playerMoveCell-1 = 3




computer turn to move.

- - - - - - - - - - Game Status - - - - - - - - - -
x = [1,0,0]
y = [2,2,1]
z = [1,1,2]
game is continue
temp_computerMoveCell-1 = 5
computer move applied to ui cellid-1=5
temp_computerMoveCell-1 = 5




player turn to move.
		mouse is clicked on sprite i=2+1

- - - - - - - - - - Game Status - - - - - - - - - -
x = [1,0,2]
y = [2,2,1]
z = [1,1,2]
game is continue
player move applied to ui cellid-1=2
temp_playerMoveCell-1 = 2




computer turn to move.
[DUPLICATE INPUT] the z1 cell is full.
[COMPUER MOVE INFO] the random cell were full, i'll try again find another cell.
[DUPLICATE INPUT] the y2 cell is full.
[COMPUER MOVE INFO] the random cell were full, i'll try again find another cell.
[DUPLICATE INPUT] the z0 cell is full.
[COMPUER MOVE INFO] the random cell were full, i'll try again find another cell.
[DUPLICATE INPUT] the y2 cell is full.
[COMPUER MOVE INFO] the random cell were full, i'll try again find another cell.
[DUPLICATE INPUT] the z0 cell is full.
[COMPUER MOVE INFO] the random cell were full, i'll try again find another cell.
[DUPLICATE INPUT] the z0 cell is full.
[COMPUER MOVE INFO] the random cell were full, i'll try again find another cell.
[DUPLICATE INPUT] the y0 cell is full.
[COMPUER MOVE INFO] the random cell were full, i'll try again find another cell.
[DUPLICATE INPUT] the y1 cell is full.
[COMPUER MOVE INFO] the random cell were full, i'll try again find another cell.

- - - - - - - - - - Game Status - - - - - - - - - -
x = [1,1,2]
y = [2,2,1]
z = [1,1,2]
[GAME END] game is draw.
computer init move = 2
temp_computerMoveCell-1 = 1
computer move applied to ui cellid-1=1
temp_computerMoveCell-1 = 1




game end?
maxY=500 maxX=500
TEXTURESIZE=100 HALFTEXTURE=50


sizePeice.x= 100 sizePeice.y= 100
i=0 pos.x=0 pos.y=0
sizePeice.x= 100 sizePeice.y= 100
i=1 pos.x=200 pos.y=0
sizePeice.x= 100 sizePeice.y= 100
i=2 pos.x=400 pos.y=0
sizePeice.x= 100 sizePeice.y= 100
i=3 pos.x=0 pos.y=200
sizePeice.x= 100 sizePeice.y= 100
i=4 pos.x=200 pos.y=200
sizePeice.x= 100 sizePeice.y= 100
i=5 pos.x=400 pos.y=200
sizePeice.x= 100 sizePeice.y= 100
i=6 pos.x=0 pos.y=400
sizePeice.x= 100 sizePeice.y= 100
i=7 pos.x=200 pos.y=400
sizePeice.x= 100 sizePeice.y= 100
i=8 pos.x=400 pos.y=400




computer turn to move.

- - - - - - - - - - Game Status - - - - - - - - - -
x = [0,0,1]
y = [0,0,0]
z = [0,0,0]
game is continue
computer init move = 3
temp_computerMoveCell-1 = 2
computer move applied to ui cellid-1=2
temp_computerMoveCell-1 = 2




player turn to move.
		mouse is clicked on sprite i=5+1

- - - - - - - - - - Game Status - - - - - - - - - -
x = [0,0,1]
y = [0,0,2]
z = [0,0,0]
game is continue
player move applied to ui cellid-1=5
temp_playerMoveCell-1 = 5




computer turn to move.

- - - - - - - - - - Game Status - - - - - - - - - -
x = [0,0,1]
y = [1,0,2]
z = [0,0,0]
game is continue
computer init move = 4
temp_computerMoveCell-1 = 3
computer move applied to ui cellid-1=3
temp_computerMoveCell-1 = 3




player turn to move.
		mouse is clicked on sprite i=4+1

- - - - - - - - - - Game Status - - - - - - - - - -
x = [0,0,1]
y = [1,2,2]
z = [0,0,0]
game is continue
player move applied to ui cellid-1=4
temp_playerMoveCell-1 = 4




computer turn to move.
[DUPLICATE INPUT] the x2 cell is full.
[COMPUER MOVE INFO] the random cell were full, i'll try again find another cell.

- - - - - - - - - - Game Status - - - - - - - - - -
x = [0,1,1]
y = [1,2,2]
z = [0,0,0]
game is continue
computer init move = 2
temp_computerMoveCell-1 = 1
computer move applied to ui cellid-1=1
temp_computerMoveCell-1 = 1




player turn to move.
		mouse is clicked on sprite i=0+1

- - - - - - - - - - Game Status - - - - - - - - - -
x = [2,1,1]
y = [1,2,2]
z = [0,0,0]
game is continue
player move applied to ui cellid-1=0
temp_playerMoveCell-1 = 0




computer turn to move.

- - - - - - - - - - Game Status - - - - - - - - - -
x = [2,1,1]
y = [1,2,2]
z = [0,0,1]
game is continue
temp_computerMoveCell-1 = 8
computer move applied to ui cellid-1=8
temp_computerMoveCell-1 = 8




player turn to move.
		mouse is clicked on sprite i=7+1

- - - - - - - - - - Game Status - - - - - - - - - -
x = [2,1,1]
y = [1,2,2]
z = [0,2,1]
game is continue
player move applied to ui cellid-1=7
temp_playerMoveCell-1 = 7




computer turn to move.

- - - - - - - - - - Game Status - - - - - - - - - -
x = [2,1,1]
y = [1,2,2]
z = [1,2,1]
[GAME END] game is draw.
computer init move = 7
temp_computerMoveCell-1 = 6
computer move applied to ui cellid-1=6
temp_computerMoveCell-1 = 6




game end?
maxY=500 maxX=500
TEXTURESIZE=100 HALFTEXTURE=50


sizePeice.x= 100 sizePeice.y= 100
i=0 pos.x=0 pos.y=0
sizePeice.x= 100 sizePeice.y= 100
i=1 pos.x=200 pos.y=0
sizePeice.x= 100 sizePeice.y= 100
i=2 pos.x=400 pos.y=0
sizePeice.x= 100 sizePeice.y= 100
i=3 pos.x=0 pos.y=200
sizePeice.x= 100 sizePeice.y= 100
i=4 pos.x=200 pos.y=200
sizePeice.x= 100 sizePeice.y= 100
i=5 pos.x=400 pos.y=200
sizePeice.x= 100 sizePeice.y= 100
i=6 pos.x=0 pos.y=400
sizePeice.x= 100 sizePeice.y= 100
i=7 pos.x=200 pos.y=400
sizePeice.x= 100 sizePeice.y= 100
i=8 pos.x=400 pos.y=400




computer turn to move.

- - - - - - - - - - Game Status - - - - - - - - - -
x = [0,1,0]
y = [0,0,0]
z = [0,0,0]
game is continue
computer init move = 2
temp_computerMoveCell-1 = 1
computer move applied to ui cellid-1=1
temp_computerMoveCell-1 = 1




player turn to move.
		mouse is clicked on sprite i=4+1

- - - - - - - - - - Game Status - - - - - - - - - -
x = [0,1,0]
y = [0,2,0]
z = [0,0,0]
game is continue
player move applied to ui cellid-1=4
temp_playerMoveCell-1 = 4




computer turn to move.
[DUPLICATE INPUT] the x1 cell is full.
[COMPUER MOVE INFO] the random cell were full, i'll try again find another cell.

- - - - - - - - - - Game Status - - - - - - - - - -
x = [0,1,0]
y = [0,2,0]
z = [0,0,1]
game is continue
computer init move = 9
temp_computerMoveCell-1 = 8
computer move applied to ui cellid-1=8
temp_computerMoveCell-1 = 8




player turn to move.
		mouse is clicked on sprite i=5+1

- - - - - - - - - - Game Status - - - - - - - - - -
x = [0,1,0]
y = [0,2,2]
z = [0,0,1]
game is continue
player move applied to ui cellid-1=5
temp_playerMoveCell-1 = 5




computer turn to move.

- - - - - - - - - - Game Status - - - - - - - - - -
x = [0,1,0]
y = [1,2,2]
z = [0,0,1]
game is continue
temp_computerMoveCell-1 = 3
computer move applied to ui cellid-1=3
temp_computerMoveCell-1 = 3




player turn to move.
		mouse is clicked on sprite i=0+1

- - - - - - - - - - Game Status - - - - - - - - - -
x = [2,1,0]
y = [1,2,2]
z = [0,0,1]
game is continue
player move applied to ui cellid-1=0
temp_playerMoveCell-1 = 0




computer turn to move.
[DUPLICATE INPUT] the y2 cell is full.
[COMPUER MOVE INFO] the random cell were full, i'll try again find another cell.
[DUPLICATE INPUT] the y1 cell is full.
[COMPUER MOVE INFO] the random cell were full, i'll try again find another cell.

- - - - - - - - - - Game Status - - - - - - - - - -
x = [2,1,1]
y = [1,2,2]
z = [0,0,1]
game is continue
computer init move = 3
temp_computerMoveCell-1 = 2
computer move applied to ui cellid-1=2
temp_computerMoveCell-1 = 2




player turn to move.
		mouse is clicked on sprite i=7+1

- - - - - - - - - - Game Status - - - - - - - - - -
x = [2,1,1]
y = [1,2,2]
z = [0,2,1]
game is continue
player move applied to ui cellid-1=7
temp_playerMoveCell-1 = 7




computer turn to move.
[DUPLICATE INPUT] the y2 cell is full.
[COMPUER MOVE INFO] the random cell were full, i'll try again find another cell.
[DUPLICATE INPUT] the y1 cell is full.
[COMPUER MOVE INFO] the random cell were full, i'll try again find another cell.
[DUPLICATE INPUT] the x2 cell is full.
[COMPUER MOVE INFO] the random cell were full, i'll try again find another cell.
[DUPLICATE INPUT] the x1 cell is full.
[COMPUER MOVE INFO] the random cell were full, i'll try again find another cell.
[DUPLICATE INPUT] the z2 cell is full.
[COMPUER MOVE INFO] the random cell were full, i'll try again find another cell.
[DUPLICATE INPUT] the z1 cell is full.
[COMPUER MOVE INFO] the random cell were full, i'll try again find another cell.
[DUPLICATE INPUT] the y1 cell is full.
[COMPUER MOVE INFO] the random cell were full, i'll try again find another cell.
[DUPLICATE INPUT] the x1 cell is full.
[COMPUER MOVE INFO] the random cell were full, i'll try again find another cell.
[DUPLICATE INPUT] the y2 cell is full.
[COMPUER MOVE INFO] the random cell were full, i'll try again find another cell.
[DUPLICATE INPUT] the y2 cell is full.
[COMPUER MOVE INFO] the random cell were full, i'll try again find another cell.
[DUPLICATE INPUT] the y1 cell is full.
[COMPUER MOVE INFO] the random cell were full, i'll try again find another cell.
[DUPLICATE INPUT] the y2 cell is full.
[COMPUER MOVE INFO] the random cell were full, i'll try again find another cell.
[DUPLICATE INPUT] the x1 cell is full.
[COMPUER MOVE INFO] the random cell were full, i'll try again find another cell.
[DUPLICATE INPUT] the x0 cell is full.
[COMPUER MOVE INFO] the random cell were full, i'll try again find another cell.
[DUPLICATE INPUT] the y1 cell is full.
[COMPUER MOVE INFO] the random cell were full, i'll try again find another cell.
[DUPLICATE INPUT] the z2 cell is full.
[COMPUER MOVE INFO] the random cell were full, i'll try again find another cell.
[DUPLICATE INPUT] the z2 cell is full.
[COMPUER MOVE INFO] the random cell were full, i'll try again find another cell.
[DUPLICATE INPUT] the y2 cell is full.
[COMPUER MOVE INFO] the random cell were full, i'll try again find another cell.
[DUPLICATE INPUT] the y1 cell is full.
[COMPUER MOVE INFO] the random cell were full, i'll try again find another cell.
[DUPLICATE INPUT] the y0 cell is full.
[COMPUER MOVE INFO] the random cell were full, i'll try again find another cell.
[DUPLICATE INPUT] the y2 cell is full.
[COMPUER MOVE INFO] the random cell were full, i'll try again find another cell.
[DUPLICATE INPUT] the x1 cell is full.
[COMPUER MOVE INFO] the random cell were full, i'll try again find another cell.
[DUPLICATE INPUT] the z2 cell is full.
[COMPUER MOVE INFO] the random cell were full, i'll try again find another cell.
[DUPLICATE INPUT] the x1 cell is full.
[COMPUER MOVE INFO] the random cell were full, i'll try again find another cell.
[DUPLICATE INPUT] the z2 cell is full.
[COMPUER MOVE INFO] the random cell were full, i'll try again find another cell.
[DUPLICATE INPUT] the x0 cell is full.
[COMPUER MOVE INFO] the random cell were full, i'll try again find another cell.
[DUPLICATE INPUT] the z1 cell is full.
[COMPUER MOVE INFO] the random cell were full, i'll try again find another cell.
[DUPLICATE INPUT] the x1 cell is full.
[COMPUER MOVE INFO] the random cell were full, i'll try again find another cell.
[DUPLICATE INPUT] the y0 cell is full.
[COMPUER MOVE INFO] the random cell were full, i'll try again find another cell.

- - - - - - - - - - Game Status - - - - - - - - - -
x = [2,1,1]
y = [1,2,2]
z = [1,2,1]
[GAME END] game is draw.
computer init move = 7
temp_computerMoveCell-1 = 6
computer move applied to ui cellid-1=6
temp_computerMoveCell-1 = 6




game end?
maxY=500 maxX=500
TEXTURESIZE=100 HALFTEXTURE=50


sizePeice.x= 100 sizePeice.y= 100
i=0 pos.x=0 pos.y=0
sizePeice.x= 100 sizePeice.y= 100
i=1 pos.x=200 pos.y=0
sizePeice.x= 100 sizePeice.y= 100
i=2 pos.x=400 pos.y=0
sizePeice.x= 100 sizePeice.y= 100
i=3 pos.x=0 pos.y=200
sizePeice.x= 100 sizePeice.y= 100
i=4 pos.x=200 pos.y=200
sizePeice.x= 100 sizePeice.y= 100
i=5 pos.x=400 pos.y=200
sizePeice.x= 100 sizePeice.y= 100
i=6 pos.x=0 pos.y=400
sizePeice.x= 100 sizePeice.y= 100
i=7 pos.x=200 pos.y=400
sizePeice.x= 100 sizePeice.y= 100
i=8 pos.x=400 pos.y=400




computer turn to move.

- - - - - - - - - - Game Status - - - - - - - - - -
x = [0,0,0]
y = [0,0,0]
z = [0,0,1]
game is continue
computer init move = 9
temp_computerMoveCell-1 = 8
computer move applied to ui cellid-1=8
temp_computerMoveCell-1 = 8




player turn to move.
		mouse is clicked on sprite i=5+1

- - - - - - - - - - Game Status - - - - - - - - - -
x = [0,0,0]
y = [0,0,2]
z = [0,0,1]
game is continue
player move applied to ui cellid-1=5
temp_playerMoveCell-1 = 5




computer turn to move.

- - - - - - - - - - Game Status - - - - - - - - - -
x = [0,0,0]
y = [0,0,2]
z = [0,1,1]
game is continue
computer init move = 8
temp_computerMoveCell-1 = 7
computer move applied to ui cellid-1=7
temp_computerMoveCell-1 = 7




player turn to move.
		mouse is clicked on sprite i=4+1

- - - - - - - - - - Game Status - - - - - - - - - -
x = [0,0,0]
y = [0,2,2]
z = [0,1,1]
game is continue
player move applied to ui cellid-1=4
temp_playerMoveCell-1 = 4




computer turn to move.

- - - - - - - - - - Game Status - - - - - - - - - -
x = [0,0,0]
y = [0,2,2]
z = [1,1,1]
player 1 won by raw z
temp_computerMoveCell-1 = 6
computer move applied to ui cellid-1=6
temp_computerMoveCell-1 = 6




game end?
maxY=500 maxX=500
TEXTURESIZE=100 HALFTEXTURE=50


sizePeice.x= 100 sizePeice.y= 100
i=0 pos.x=0 pos.y=0
sizePeice.x= 100 sizePeice.y= 100
i=1 pos.x=200 pos.y=0
sizePeice.x= 100 sizePeice.y= 100
i=2 pos.x=400 pos.y=0
sizePeice.x= 100 sizePeice.y= 100
i=3 pos.x=0 pos.y=200
sizePeice.x= 100 sizePeice.y= 100
i=4 pos.x=200 pos.y=200
sizePeice.x= 100 sizePeice.y= 100
i=5 pos.x=400 pos.y=200
sizePeice.x= 100 sizePeice.y= 100
i=6 pos.x=0 pos.y=400
sizePeice.x= 100 sizePeice.y= 100
i=7 pos.x=200 pos.y=400
sizePeice.x= 100 sizePeice.y= 100
i=8 pos.x=400 pos.y=400




computer turn to move.

- - - - - - - - - - Game Status - - - - - - - - - -
x = [1,0,0]
y = [0,0,0]
z = [0,0,0]
game is continue
computer init move = 1
temp_computerMoveCell-1 = 0
computer move applied to ui cellid-1=0
temp_computerMoveCell-1 = 0




player turn to move.
		mouse is clicked on sprite i=4+1

- - - - - - - - - - Game Status - - - - - - - - - -
x = [1,0,0]
y = [0,2,0]
z = [0,0,0]
game is continue
player move applied to ui cellid-1=4
temp_playerMoveCell-1 = 4




computer turn to move.
[DUPLICATE INPUT] the x0 cell is full.
[COMPUER MOVE INFO] the random cell were full, i'll try again find another cell.
[DUPLICATE INPUT] the x0 cell is full.
[COMPUER MOVE INFO] the random cell were full, i'll try again find another cell.

- - - - - - - - - - Game Status - - - - - - - - - -
x = [1,0,0]
y = [0,2,1]
z = [0,0,0]
game is continue
computer init move = 6
temp_computerMoveCell-1 = 5
computer move applied to ui cellid-1=5
temp_computerMoveCell-1 = 5




player turn to move.
Mouse Left Button Pressed
mouse pos  =298 y=110
		mouse is clicked on sprite i=1+1

- - - - - - - - - - Game Status - - - - - - - - - -
x = [1,2,0]
y = [0,2,1]
z = [0,0,0]
game is continue
player move applied to ui cellid-1=1
temp_playerMoveCell-1 = 1




computer turn to move.

- - - - - - - - - - Game Status - - - - - - - - - -
x = [1,2,0]
y = [0,2,1]
z = [0,1,0]
game is continue
temp_computerMoveCell-1 = 7
computer move applied to ui cellid-1=7
temp_computerMoveCell-1 = 7




player turn to move.
		mouse is clicked on sprite i=6+1

- - - - - - - - - - Game Status - - - - - - - - - -
x = [1,2,0]
y = [0,2,1]
z = [2,1,0]
game is continue
player move applied to ui cellid-1=6
temp_playerMoveCell-1 = 6




computer turn to move.

- - - - - - - - - - Game Status - - - - - - - - - -
x = [1,2,1]
y = [0,2,1]
z = [2,1,0]
game is continue
temp_computerMoveCell-1 = 2
computer move applied to ui cellid-1=2
temp_computerMoveCell-1 = 2




player turn to move.
		mouse is clicked on sprite i=3+1

- - - - - - - - - - Game Status - - - - - - - - - -
x = [1,2,1]
y = [2,2,1]
z = [2,1,0]
game is continue
player move applied to ui cellid-1=3
temp_playerMoveCell-1 = 3




computer turn to move.

- - - - - - - - - - Game Status - - - - - - - - - -
x = [1,2,1]
y = [2,2,1]
z = [2,1,1]
player 1 won by raw xyz 2
temp_computerMoveCell-1 = 8
computer move applied to ui cellid-1=8
temp_computerMoveCell-1 = 8




game end?
maxY=500 maxX=500
TEXTURESIZE=100 HALFTEXTURE=50


sizePeice.x= 100 sizePeice.y= 100
i=0 pos.x=0 pos.y=0
sizePeice.x= 100 sizePeice.y= 100
i=1 pos.x=200 pos.y=0
sizePeice.x= 100 sizePeice.y= 100
i=2 pos.x=400 pos.y=0
sizePeice.x= 100 sizePeice.y= 100
i=3 pos.x=0 pos.y=200
sizePeice.x= 100 sizePeice.y= 100
i=4 pos.x=200 pos.y=200
sizePeice.x= 100 sizePeice.y= 100
i=5 pos.x=400 pos.y=200
sizePeice.x= 100 sizePeice.y= 100
i=6 pos.x=0 pos.y=400
sizePeice.x= 100 sizePeice.y= 100
i=7 pos.x=200 pos.y=400
sizePeice.x= 100 sizePeice.y= 100
i=8 pos.x=400 pos.y=400




computer turn to move.

- - - - - - - - - - Game Status - - - - - - - - - -
x = [0,0,0]
y = [0,0,0]
z = [0,1,0]
game is continue
computer init move = 8
temp_computerMoveCell-1 = 7
computer move applied to ui cellid-1=7
temp_computerMoveCell-1 = 7




player turn to move.
		mouse is clicked on sprite i=5+1

- - - - - - - - - - Game Status - - - - - - - - - -
x = [0,0,0]
y = [0,0,2]
z = [0,1,0]
game is continue
player move applied to ui cellid-1=5
temp_playerMoveCell-1 = 5




computer turn to move.

- - - - - - - - - - Game Status - - - - - - - - - -
x = [1,0,0]
y = [0,0,2]
z = [0,1,0]
game is continue
computer init move = 1
temp_computerMoveCell-1 = 0
computer move applied to ui cellid-1=0
temp_computerMoveCell-1 = 0




player turn to move.
		mouse is clicked on sprite i=3+1

- - - - - - - - - - Game Status - - - - - - - - - -
x = [1,0,0]
y = [2,0,2]
z = [0,1,0]
game is continue
player move applied to ui cellid-1=3
temp_playerMoveCell-1 = 3




computer turn to move.

- - - - - - - - - - Game Status - - - - - - - - - -
x = [1,0,0]
y = [2,1,2]
z = [0,1,0]
game is continue
temp_computerMoveCell-1 = 4
computer move applied to ui cellid-1=4
temp_computerMoveCell-1 = 4




player turn to move.
Mouse Left Button Pressed
mouse pos  =268 y=101
		mouse is clicked on sprite i=1+1

- - - - - - - - - - Game Status - - - - - - - - - -
x = [1,2,0]
y = [2,1,2]
z = [0,1,0]
game is continue
player move applied to ui cellid-1=1
temp_playerMoveCell-1 = 1




computer turn to move.

- - - - - - - - - - Game Status - - - - - - - - - -
x = [1,2,0]
y = [2,1,2]
z = [0,1,1]
player 1 won by raw xyz 159
temp_computerMoveCell-1 = 8
computer move applied to ui cellid-1=8
temp_computerMoveCell-1 = 8




game end?
maxY=500 maxX=500
TEXTURESIZE=100 HALFTEXTURE=50


sizePeice.x= 100 sizePeice.y= 100
i=0 pos.x=0 pos.y=0
sizePeice.x= 100 sizePeice.y= 100
i=1 pos.x=200 pos.y=0
sizePeice.x= 100 sizePeice.y= 100
i=2 pos.x=400 pos.y=0
sizePeice.x= 100 sizePeice.y= 100
i=3 pos.x=0 pos.y=200
sizePeice.x= 100 sizePeice.y= 100
i=4 pos.x=200 pos.y=200
sizePeice.x= 100 sizePeice.y= 100
i=5 pos.x=400 pos.y=200
sizePeice.x= 100 sizePeice.y= 100
i=6 pos.x=0 pos.y=400
sizePeice.x= 100 sizePeice.y= 100
i=7 pos.x=200 pos.y=400
sizePeice.x= 100 sizePeice.y= 100
i=8 pos.x=400 pos.y=400




computer turn to move.

- - - - - - - - - - Game Status - - - - - - - - - -
x = [0,0,0]
y = [0,0,0]
z = [0,1,0]
game is continue
computer init move = 8
temp_computerMoveCell-1 = 7
computer move applied to ui cellid-1=7
temp_computerMoveCell-1 = 7




player turn to move.
		mouse is clicked on sprite i=5+1

- - - - - - - - - - Game Status - - - - - - - - - -
x = [0,0,0]
y = [0,0,2]
z = [0,1,0]
game is continue
player move applied to ui cellid-1=5
temp_playerMoveCell-1 = 5




computer turn to move.

- - - - - - - - - - Game Status - - - - - - - - - -
x = [0,0,1]
y = [0,0,2]
z = [0,1,0]
game is continue
computer init move = 3
temp_computerMoveCell-1 = 2
computer move applied to ui cellid-1=2
temp_computerMoveCell-1 = 2




player turn to move.
		mouse is clicked on sprite i=4+1

- - - - - - - - - - Game Status - - - - - - - - - -
x = [0,0,1]
y = [0,2,2]
z = [0,1,0]
game is continue
player move applied to ui cellid-1=4
temp_playerMoveCell-1 = 4




computer turn to move.

- - - - - - - - - - Game Status - - - - - - - - - -
x = [0,0,1]
y = [1,2,2]
z = [0,1,0]
game is continue
temp_computerMoveCell-1 = 3
computer move applied to ui cellid-1=3
temp_computerMoveCell-1 = 3




player turn to move.
		mouse is clicked on sprite i=1+1

- - - - - - - - - - Game Status - - - - - - - - - -
x = [0,2,1]
y = [1,2,2]
z = [0,1,0]
game is continue
player move applied to ui cellid-1=1
temp_playerMoveCell-1 = 1




computer turn to move.
[DUPLICATE INPUT] the z1 cell is full.
[COMPUER MOVE INFO] the random cell were full, i'll try again find another cell.
[DUPLICATE INPUT] the y1 cell is full.
[COMPUER MOVE INFO] the random cell were full, i'll try again find another cell.
[DUPLICATE INPUT] the x2 cell is full.
[COMPUER MOVE INFO] the random cell were full, i'll try again find another cell.
[DUPLICATE INPUT] the z1 cell is full.
[COMPUER MOVE INFO] the random cell were full, i'll try again find another cell.
[DUPLICATE INPUT] the x1 cell is full.
[COMPUER MOVE INFO] the random cell were full, i'll try again find another cell.
[DUPLICATE INPUT] the y0 cell is full.
[COMPUER MOVE INFO] the random cell were full, i'll try again find another cell.
[DUPLICATE INPUT] the y2 cell is full.
[COMPUER MOVE INFO] the random cell were full, i'll try again find another cell.
[DUPLICATE INPUT] the x1 cell is full.
[COMPUER MOVE INFO] the random cell were full, i'll try again find another cell.
[DUPLICATE INPUT] the x1 cell is full.
[COMPUER MOVE INFO] the random cell were full, i'll try again find another cell.
[DUPLICATE INPUT] the y2 cell is full.
[COMPUER MOVE INFO] the random cell were full, i'll try again find another cell.

- - - - - - - - - - Game Status - - - - - - - - - -
x = [0,2,1]
y = [1,2,2]
z = [0,1,1]
game is continue
computer init move = 9
temp_computerMoveCell-1 = 8
computer move applied to ui cellid-1=8
temp_computerMoveCell-1 = 8




player turn to move.
Mouse Left Button Pressed
mouse pos  =120 y=409
		mouse is clicked on sprite i=6+1

- - - - - - - - - - Game Status - - - - - - - - - -
x = [0,2,1]
y = [1,2,2]
z = [2,1,1]
game is continue
player move applied to ui cellid-1=6
temp_playerMoveCell-1 = 6




computer turn to move.
[DUPLICATE INPUT] the z2 cell is full.
[COMPUER MOVE INFO] the random cell were full, i'll try again find another cell.
[DUPLICATE INPUT] the x2 cell is full.
[COMPUER MOVE INFO] the random cell were full, i'll try again find another cell.
[DUPLICATE INPUT] the z1 cell is full.
[COMPUER MOVE INFO] the random cell were full, i'll try again find another cell.
[DUPLICATE INPUT] the y1 cell is full.
[COMPUER MOVE INFO] the random cell were full, i'll try again find another cell.
[DUPLICATE INPUT] the y0 cell is full.
[COMPUER MOVE INFO] the random cell were full, i'll try again find another cell.
[DUPLICATE INPUT] the y2 cell is full.
[COMPUER MOVE INFO] the random cell were full, i'll try again find another cell.
[DUPLICATE INPUT] the x1 cell is full.
[COMPUER MOVE INFO] the random cell were full, i'll try again find another cell.
[DUPLICATE INPUT] the z2 cell is full.
[COMPUER MOVE INFO] the random cell were full, i'll try again find another cell.
[DUPLICATE INPUT] the x2 cell is full.
[COMPUER MOVE INFO] the random cell were full, i'll try again find another cell.
[DUPLICATE INPUT] the z1 cell is full.
[COMPUER MOVE INFO] the random cell were full, i'll try again find another cell.
[DUPLICATE INPUT] the y0 cell is full.
[COMPUER MOVE INFO] the random cell were full, i'll try again find another cell.
[DUPLICATE INPUT] the x1 cell is full.
[COMPUER MOVE INFO] the random cell were full, i'll try again find another cell.
[DUPLICATE INPUT] the z1 cell is full.
[COMPUER MOVE INFO] the random cell were full, i'll try again find another cell.

- - - - - - - - - - Game Status - - - - - - - - - -
x = [1,2,1]
y = [1,2,2]
z = [2,1,1]
[GAME END] game is draw.
computer init move = 1
temp_computerMoveCell-1 = 0
computer move applied to ui cellid-1=0
temp_computerMoveCell-1 = 0




game end?
maxY=500 maxX=500
TEXTURESIZE=100 HALFTEXTURE=50


sizePeice.x= 100 sizePeice.y= 100
i=0 pos.x=0 pos.y=0
sizePeice.x= 100 sizePeice.y= 100
i=1 pos.x=200 pos.y=0
sizePeice.x= 100 sizePeice.y= 100
i=2 pos.x=400 pos.y=0
sizePeice.x= 100 sizePeice.y= 100
i=3 pos.x=0 pos.y=200
sizePeice.x= 100 sizePeice.y= 100
i=4 pos.x=200 pos.y=200
sizePeice.x= 100 sizePeice.y= 100
i=5 pos.x=400 pos.y=200
sizePeice.x= 100 sizePeice.y= 100
i=6 pos.x=0 pos.y=400
sizePeice.x= 100 sizePeice.y= 100
i=7 pos.x=200 pos.y=400
sizePeice.x= 100 sizePeice.y= 100
i=8 pos.x=400 pos.y=400




computer turn to move.

- - - - - - - - - - Game Status - - - - - - - - - -
x = [0,0,1]
y = [0,0,0]
z = [0,0,0]
game is continue
computer init move = 3
temp_computerMoveCell-1 = 2
computer move applied to ui cellid-1=2
temp_computerMoveCell-1 = 2




player turn to move.
		mouse is clicked on sprite i=5+1

- - - - - - - - - - Game Status - - - - - - - - - -
x = [0,0,1]
y = [0,0,2]
z = [0,0,0]
game is continue
player move applied to ui cellid-1=5
temp_playerMoveCell-1 = 5




computer turn to move.
[DUPLICATE INPUT] the x2 cell is full.
[COMPUER MOVE INFO] the random cell were full, i'll try again find another cell.

- - - - - - - - - - Game Status - - - - - - - - - -
x = [0,0,1]
y = [0,0,2]
z = [0,0,1]
game is continue
computer init move = 9
temp_computerMoveCell-1 = 8
computer move applied to ui cellid-1=8
temp_computerMoveCell-1 = 8




player turn to move.
		mouse is clicked on sprite i=4+1

- - - - - - - - - - Game Status - - - - - - - - - -
x = [0,0,1]
y = [0,2,2]
z = [0,0,1]
game is continue
player move applied to ui cellid-1=4
temp_playerMoveCell-1 = 4




computer turn to move.

- - - - - - - - - - Game Status - - - - - - - - - -
x = [0,0,1]
y = [1,2,2]
z = [0,0,1]
game is continue
temp_computerMoveCell-1 = 3
computer move applied to ui cellid-1=3
temp_computerMoveCell-1 = 3




player turn to move.
		mouse is clicked on sprite i=1+1

- - - - - - - - - - Game Status - - - - - - - - - -
x = [0,2,1]
y = [1,2,2]
z = [0,0,1]
game is continue
player move applied to ui cellid-1=1
temp_playerMoveCell-1 = 1




computer turn to move.

- - - - - - - - - - Game Status - - - - - - - - - -
x = [0,2,1]
y = [1,2,2]
z = [0,1,1]
game is continue
temp_computerMoveCell-1 = 7
computer move applied to ui cellid-1=7
temp_computerMoveCell-1 = 7




player turn to move.
		mouse is clicked on sprite i=6+1

- - - - - - - - - - Game Status - - - - - - - - - -
x = [0,2,1]
y = [1,2,2]
z = [2,1,1]
game is continue
player move applied to ui cellid-1=6
temp_playerMoveCell-1 = 6




computer turn to move.
[DUPLICATE INPUT] the y0 cell is full.
[COMPUER MOVE INFO] the random cell were full, i'll try again find another cell.
[DUPLICATE INPUT] the y1 cell is full.
[COMPUER MOVE INFO] the random cell were full, i'll try again find another cell.
[DUPLICATE INPUT] the z1 cell is full.
[COMPUER MOVE INFO] the random cell were full, i'll try again find another cell.
[DUPLICATE INPUT] the z0 cell is full.
[COMPUER MOVE INFO] the random cell were full, i'll try again find another cell.
[DUPLICATE INPUT] the y2 cell is full.
[COMPUER MOVE INFO] the random cell were full, i'll try again find another cell.
[DUPLICATE INPUT] the x1 cell is full.
[COMPUER MOVE INFO] the random cell were full, i'll try again find another cell.

- - - - - - - - - - Game Status - - - - - - - - - -
x = [1,2,1]
y = [1,2,2]
z = [2,1,1]
[GAME END] game is draw.
computer init move = 1
temp_computerMoveCell-1 = 0
computer move applied to ui cellid-1=0
temp_computerMoveCell-1 = 0




game end?
maxY=500 maxX=500
TEXTURESIZE=100 HALFTEXTURE=50


sizePeice.x= 100 sizePeice.y= 100
i=0 pos.x=0 pos.y=0
sizePeice.x= 100 sizePeice.y= 100
i=1 pos.x=200 pos.y=0
sizePeice.x= 100 sizePeice.y= 100
i=2 pos.x=400 pos.y=0
sizePeice.x= 100 sizePeice.y= 100
i=3 pos.x=0 pos.y=200
sizePeice.x= 100 sizePeice.y= 100
i=4 pos.x=200 pos.y=200
sizePeice.x= 100 sizePeice.y= 100
i=5 pos.x=400 pos.y=200
sizePeice.x= 100 sizePeice.y= 100
i=6 pos.x=0 pos.y=400
sizePeice.x= 100 sizePeice.y= 100
i=7 pos.x=200 pos.y=400
sizePeice.x= 100 sizePeice.y= 100
i=8 pos.x=400 pos.y=400




computer turn to move.

- - - - - - - - - - Game Status - - - - - - - - - -
x = [0,0,1]
y = [0,0,0]
z = [0,0,0]
game is continue
computer init move = 3
temp_computerMoveCell-1 = 2
computer move applied to ui cellid-1=2
temp_computerMoveCell-1 = 2




maxY=500 maxX=500
TEXTURESIZE=100 HALFTEXTURE=50


sizePeice.x= 100 sizePeice.y= 100
i=0 pos.x=0 pos.y=0
sizePeice.x= 100 sizePeice.y= 100
i=1 pos.x=200 pos.y=0
sizePeice.x= 100 sizePeice.y= 100
i=2 pos.x=400 pos.y=0
sizePeice.x= 100 sizePeice.y= 100
i=3 pos.x=0 pos.y=200
sizePeice.x= 100 sizePeice.y= 100
i=4 pos.x=200 pos.y=200
sizePeice.x= 100 sizePeice.y= 100
i=5 pos.x=400 pos.y=200
sizePeice.x= 100 sizePeice.y= 100
i=6 pos.x=0 pos.y=400
sizePeice.x= 100 sizePeice.y= 100
i=7 pos.x=200 pos.y=400
sizePeice.x= 100 sizePeice.y= 100
i=8 pos.x=400 pos.y=400




computer turn to move.

- - - - - - - - - - Game Status - - - - - - - - - -
x = [0,0,0]
y = [0,0,0]
z = [0,0,1]
game is continue
computer init move = 9
temp_computerMoveCell-1 = 8
computer move applied to ui cellid-1=8
temp_computerMoveCell-1 = 8




maxY=500 maxX=500
TEXTURESIZE=100 HALFTEXTURE=50


sizePeice.x= 100 sizePeice.y= 100
i=0 pos.x=0 pos.y=0
sizePeice.x= 100 sizePeice.y= 100
i=1 pos.x=200 pos.y=0
sizePeice.x= 100 sizePeice.y= 100
i=2 pos.x=400 pos.y=0
sizePeice.x= 100 sizePeice.y= 100
i=3 pos.x=0 pos.y=200
sizePeice.x= 100 sizePeice.y= 100
i=4 pos.x=200 pos.y=200
sizePeice.x= 100 sizePeice.y= 100
i=5 pos.x=400 pos.y=200
sizePeice.x= 100 sizePeice.y= 100
i=6 pos.x=0 pos.y=400
sizePeice.x= 100 sizePeice.y= 100
i=7 pos.x=200 pos.y=400
sizePeice.x= 100 sizePeice.y= 100
i=8 pos.x=400 pos.y=400




computer turn to move.

- - - - - - - - - - Game Status - - - - - - - - - -
x = [0,1,0]
y = [0,0,0]
z = [0,0,0]
game is continue
computer init move = 2
temp_computerMoveCell-1 = 1
computer move applied to ui cellid-1=1
temp_computerMoveCell-1 = 1




maxY=500 maxX=500
TEXTURESIZE=100 HALFTEXTURE=50


sizePeice.x= 100 sizePeice.y= 100
i=0 pos.x=0 pos.y=0
sizePeice.x= 100 sizePeice.y= 100
i=1 pos.x=200 pos.y=0
sizePeice.x= 100 sizePeice.y= 100
i=2 pos.x=400 pos.y=0
sizePeice.x= 100 sizePeice.y= 100
i=3 pos.x=0 pos.y=200
sizePeice.x= 100 sizePeice.y= 100
i=4 pos.x=200 pos.y=200
sizePeice.x= 100 sizePeice.y= 100
i=5 pos.x=400 pos.y=200
sizePeice.x= 100 sizePeice.y= 100
i=6 pos.x=0 pos.y=400
sizePeice.x= 100 sizePeice.y= 100
i=7 pos.x=200 pos.y=400
sizePeice.x= 100 sizePeice.y= 100
i=8 pos.x=400 pos.y=400




computer turn to move.

- - - - - - - - - - Game Status - - - - - - - - - -
x = [0,0,0]
y = [0,0,0]
z = [1,0,0]
game is continue
computer init move = 7
temp_computerMoveCell-1 = 6
computer move applied to ui cellid-1=6
temp_computerMoveCell-1 = 6




maxY=500 maxX=500
TEXTURESIZE=100 HALFTEXTURE=50


sizePeice.x= 100 sizePeice.y= 100
i=0 pos.x=0 pos.y=0
sizePeice.x= 100 sizePeice.y= 100
i=1 pos.x=200 pos.y=0
sizePeice.x= 100 sizePeice.y= 100
i=2 pos.x=400 pos.y=0
sizePeice.x= 100 sizePeice.y= 100
i=3 pos.x=0 pos.y=200
sizePeice.x= 100 sizePeice.y= 100
i=4 pos.x=200 pos.y=200
sizePeice.x= 100 sizePeice.y= 100
i=5 pos.x=400 pos.y=200
sizePeice.x= 100 sizePeice.y= 100
i=6 pos.x=0 pos.y=400
sizePeice.x= 100 sizePeice.y= 100
i=7 pos.x=200 pos.y=400
sizePeice.x= 100 sizePeice.y= 100
i=8 pos.x=400 pos.y=400




computer turn to move.

- - - - - - - - - - Game Status - - - - - - - - - -
x = [0,1,0]
y = [0,0,0]
z = [0,0,0]
game is continue
computer init move = 2
temp_computerMoveCell-1 = 1
computer move applied to ui cellid-1=1
temp_computerMoveCell-1 = 1




maxY=500 maxX=500
TEXTURESIZE=100 HALFTEXTURE=50


sizePeice.x= 100 sizePeice.y= 100
i=0 pos.x=0 pos.y=0
sizePeice.x= 100 sizePeice.y= 100
i=1 pos.x=200 pos.y=0
sizePeice.x= 100 sizePeice.y= 100
i=2 pos.x=400 pos.y=0
sizePeice.x= 100 sizePeice.y= 100
i=3 pos.x=0 pos.y=200
sizePeice.x= 100 sizePeice.y= 100
i=4 pos.x=200 pos.y=200
sizePeice.x= 100 sizePeice.y= 100
i=5 pos.x=400 pos.y=200
sizePeice.x= 100 sizePeice.y= 100
i=6 pos.x=0 pos.y=400
sizePeice.x= 100 sizePeice.y= 100
i=7 pos.x=200 pos.y=400
sizePeice.x= 100 sizePeice.y= 100
i=8 pos.x=400 pos.y=400




computer turn to move.

- - - - - - - - - - Game Status - - - - - - - - - -
x = [0,0,0]
y = [0,0,1]
z = [0,0,0]
game is continue
computer init move = 6
temp_computerMoveCell-1 = 5
computer move applied to ui cellid-1=5
temp_computerMoveCell-1 = 5




maxY=500 maxX=500
TEXTURESIZE=100 HALFTEXTURE=50


sizePeice.x= 100 sizePeice.y= 100
i=0 pos.x=0 pos.y=0
sizePeice.x= 100 sizePeice.y= 100
i=1 pos.x=200 pos.y=0
sizePeice.x= 100 sizePeice.y= 100
i=2 pos.x=400 pos.y=0
sizePeice.x= 100 sizePeice.y= 100
i=3 pos.x=0 pos.y=200
sizePeice.x= 100 sizePeice.y= 100
i=4 pos.x=200 pos.y=200
sizePeice.x= 100 sizePeice.y= 100
i=5 pos.x=400 pos.y=200
sizePeice.x= 100 sizePeice.y= 100
i=6 pos.x=0 pos.y=400
sizePeice.x= 100 sizePeice.y= 100
i=7 pos.x=200 pos.y=400
sizePeice.x= 100 sizePeice.y= 100
i=8 pos.x=400 pos.y=400




computer turn to move.

- - - - - - - - - - Game Status - - - - - - - - - -
x = [0,0,0]
y = [0,0,1]
z = [0,0,0]
game is continue
computer init move = 6
temp_computerMoveCell-1 = 5
computer move applied to ui cellid-1=5
temp_computerMoveCell-1 = 5




maxY=500 maxX=500
TEXTURESIZE=100 HALFTEXTURE=50


sizePeice.x= 100 sizePeice.y= 100
i=0 pos.x=0 pos.y=0
sizePeice.x= 100 sizePeice.y= 100
i=1 pos.x=200 pos.y=0
sizePeice.x= 100 sizePeice.y= 100
i=2 pos.x=400 pos.y=0
sizePeice.x= 100 sizePeice.y= 100
i=3 pos.x=0 pos.y=200
sizePeice.x= 100 sizePeice.y= 100
i=4 pos.x=200 pos.y=200
sizePeice.x= 100 sizePeice.y= 100
i=5 pos.x=400 pos.y=200
sizePeice.x= 100 sizePeice.y= 100
i=6 pos.x=0 pos.y=400
sizePeice.x= 100 sizePeice.y= 100
i=7 pos.x=200 pos.y=400
sizePeice.x= 100 sizePeice.y= 100
i=8 pos.x=400 pos.y=400




computer turn to move.

- - - - - - - - - - Game Status - - - - - - - - - -
x = [0,0,0]
y = [0,0,0]
z = [0,1,0]
game is continue
computer init move = 8
temp_computerMoveCell-1 = 7
computer move applied to ui cellid-1=7
temp_computerMoveCell-1 = 7




maxY=500 maxX=500
TEXTURESIZE=100 HALFTEXTURE=50


sizePeice.x= 100 sizePeice.y= 100
i=0 pos.x=0 pos.y=0
sizePeice.x= 100 sizePeice.y= 100
i=1 pos.x=200 pos.y=0
sizePeice.x= 100 sizePeice.y= 100
i=2 pos.x=400 pos.y=0
sizePeice.x= 100 sizePeice.y= 100
i=3 pos.x=0 pos.y=200
sizePeice.x= 100 sizePeice.y= 100
i=4 pos.x=200 pos.y=200
sizePeice.x= 100 sizePeice.y= 100
i=5 pos.x=400 pos.y=200
sizePeice.x= 100 sizePeice.y= 100
i=6 pos.x=0 pos.y=400
sizePeice.x= 100 sizePeice.y= 100
i=7 pos.x=200 pos.y=400
sizePeice.x= 100 sizePeice.y= 100
i=8 pos.x=400 pos.y=400




computer turn to move.

- - - - - - - - - - Game Status - - - - - - - - - -
x = [0,0,0]
y = [0,0,0]
z = [0,0,1]
game is continue
computer init move = 9
temp_computerMoveCell-1 = 8
computer move applied to ui cellid-1=8
temp_computerMoveCell-1 = 8




maxY=500 maxX=500
TEXTURESIZE=100 HALFTEXTURE=50


sizePeice.x= 100 sizePeice.y= 100
i=0 pos.x=0 pos.y=0
sizePeice.x= 100 sizePeice.y= 100
i=1 pos.x=200 pos.y=0
sizePeice.x= 100 sizePeice.y= 100
i=2 pos.x=400 pos.y=0
sizePeice.x= 100 sizePeice.y= 100
i=3 pos.x=0 pos.y=200
sizePeice.x= 100 sizePeice.y= 100
i=4 pos.x=200 pos.y=200
sizePeice.x= 100 sizePeice.y= 100
i=5 pos.x=400 pos.y=200
sizePeice.x= 100 sizePeice.y= 100
i=6 pos.x=0 pos.y=400
sizePeice.x= 100 sizePeice.y= 100
i=7 pos.x=200 pos.y=400
sizePeice.x= 100 sizePeice.y= 100
i=8 pos.x=400 pos.y=400




computer turn to move.

- - - - - - - - - - Game Status - - - - - - - - - -
x = [0,0,0]
y = [0,0,1]
z = [0,0,0]
game is continue
computer init move = 6
temp_computerMoveCell-1 = 5
computer move applied to ui cellid-1=5
temp_computerMoveCell-1 = 5




player turn to move.
		mouse is clicked on sprite i=4+1

- - - - - - - - - - Game Status - - - - - - - - - -
x = [0,0,0]
y = [0,2,1]
z = [0,0,0]
game is continue
player move applied to ui cellid-1=4
temp_playerMoveCell-1 = 4




computer turn to move.

- - - - - - - - - - Game Status - - - - - - - - - -
x = [1,0,0]
y = [0,2,1]
z = [0,0,0]
game is continue
computer init move = 1
temp_computerMoveCell-1 = 0
computer move applied to ui cellid-1=0
temp_computerMoveCell-1 = 0




player turn to move.
		mouse is clicked on sprite i=1+1

- - - - - - - - - - Game Status - - - - - - - - - -
x = [1,2,0]
y = [0,2,1]
z = [0,0,0]
game is continue
player move applied to ui cellid-1=1
temp_playerMoveCell-1 = 1




computer turn to move.

- - - - - - - - - - Game Status - - - - - - - - - -
x = [1,2,0]
y = [0,2,1]
z = [0,1,0]
game is continue
temp_computerMoveCell-1 = 7
computer move applied to ui cellid-1=7
temp_computerMoveCell-1 = 7




player turn to move.
Mouse Left Button Pressed
mouse pos  =102 y=407
		mouse is clicked on sprite i=6+1

- - - - - - - - - - Game Status - - - - - - - - - -
x = [1,2,0]
y = [0,2,1]
z = [2,1,0]
game is continue
player move applied to ui cellid-1=6
temp_playerMoveCell-1 = 6




computer turn to move.

- - - - - - - - - - Game Status - - - - - - - - - -
x = [1,2,1]
y = [0,2,1]
z = [2,1,0]
game is continue
temp_computerMoveCell-1 = 2
computer move applied to ui cellid-1=2
temp_computerMoveCell-1 = 2




player turn to move.
		mouse is clicked on sprite i=8+1

- - - - - - - - - - Game Status - - - - - - - - - -
x = [1,2,1]
y = [0,2,1]
z = [2,1,2]
game is continue
player move applied to ui cellid-1=8
temp_playerMoveCell-1 = 8




computer turn to move.
[DUPLICATE INPUT] the z0 cell is full.
[COMPUER MOVE INFO] the random cell were full, i'll try again find another cell.
[DUPLICATE INPUT] the y1 cell is full.
[COMPUER MOVE INFO] the random cell were full, i'll try again find another cell.
[DUPLICATE INPUT] the x2 cell is full.
[COMPUER MOVE INFO] the random cell were full, i'll try again find another cell.
[DUPLICATE INPUT] the x1 cell is full.
[COMPUER MOVE INFO] the random cell were full, i'll try again find another cell.
[DUPLICATE INPUT] the x1 cell is full.
[COMPUER MOVE INFO] the random cell were full, i'll try again find another cell.
[DUPLICATE INPUT] the x1 cell is full.
[COMPUER MOVE INFO] the random cell were full, i'll try again find another cell.
[DUPLICATE INPUT] the z0 cell is full.
[COMPUER MOVE INFO] the random cell were full, i'll try again find another cell.
[DUPLICATE INPUT] the x1 cell is full.
[COMPUER MOVE INFO] the random cell were full, i'll try again find another cell.
[DUPLICATE INPUT] the y2 cell is full.
[COMPUER MOVE INFO] the random cell were full, i'll try again find another cell.
[DUPLICATE INPUT] the z1 cell is full.
[COMPUER MOVE INFO] the random cell were full, i'll try again find another cell.
[DUPLICATE INPUT] the z0 cell is full.
[COMPUER MOVE INFO] the random cell were full, i'll try again find another cell.
[DUPLICATE INPUT] the x2 cell is full.
[COMPUER MOVE INFO] the random cell were full, i'll try again find another cell.
[DUPLICATE INPUT] the x2 cell is full.
[COMPUER MOVE INFO] the random cell were full, i'll try again find another cell.
[DUPLICATE INPUT] the x2 cell is full.
[COMPUER MOVE INFO] the random cell were full, i'll try again find another cell.
[DUPLICATE INPUT] the x2 cell is full.
[COMPUER MOVE INFO] the random cell were full, i'll try again find another cell.
[DUPLICATE INPUT] the y2 cell is full.
[COMPUER MOVE INFO] the random cell were full, i'll try again find another cell.
[DUPLICATE INPUT] the z1 cell is full.
[COMPUER MOVE INFO] the random cell were full, i'll try again find another cell.
[DUPLICATE INPUT] the z1 cell is full.
[COMPUER MOVE INFO] the random cell were full, i'll try again find another cell.
[DUPLICATE INPUT] the x1 cell is full.
[COMPUER MOVE INFO] the random cell were full, i'll try again find another cell.
[DUPLICATE INPUT] the y1 cell is full.
[COMPUER MOVE INFO] the random cell were full, i'll try again find another cell.
[DUPLICATE INPUT] the y2 cell is full.
[COMPUER MOVE INFO] the random cell were full, i'll try again find another cell.
[DUPLICATE INPUT] the z0 cell is full.
[COMPUER MOVE INFO] the random cell were full, i'll try again find another cell.
[DUPLICATE INPUT] the z1 cell is full.
[COMPUER MOVE INFO] the random cell were full, i'll try again find another cell.
[DUPLICATE INPUT] the y1 cell is full.
[COMPUER MOVE INFO] the random cell were full, i'll try again find another cell.
[DUPLICATE INPUT] the x2 cell is full.
[COMPUER MOVE INFO] the random cell were full, i'll try again find another cell.
[DUPLICATE INPUT] the x1 cell is full.
[COMPUER MOVE INFO] the random cell were full, i'll try again find another cell.
[DUPLICATE INPUT] the y2 cell is full.
[COMPUER MOVE INFO] the random cell were full, i'll try again find another cell.
[DUPLICATE INPUT] the z1 cell is full.
[COMPUER MOVE INFO] the random cell were full, i'll try again find another cell.
[DUPLICATE INPUT] the y2 cell is full.
[COMPUER MOVE INFO] the random cell were full, i'll try again find another cell.
[DUPLICATE INPUT] the x1 cell is full.
[COMPUER MOVE INFO] the random cell were full, i'll try again find another cell.
[DUPLICATE INPUT] the z0 cell is full.
[COMPUER MOVE INFO] the random cell were full, i'll try again find another cell.
[DUPLICATE INPUT] the x2 cell is full.
[COMPUER MOVE INFO] the random cell were full, i'll try again find another cell.

- - - - - - - - - - Game Status - - - - - - - - - -
x = [1,2,1]
y = [1,2,1]
z = [2,1,2]
[GAME END] game is draw.
computer init move = 4
temp_computerMoveCell-1 = 3
computer move applied to ui cellid-1=3
temp_computerMoveCell-1 = 3




game end?
maxY=500 maxX=500
TEXTURESIZE=100 HALFTEXTURE=50


sizePeice.x= 100 sizePeice.y= 100
i=0 pos.x=0 pos.y=0
sizePeice.x= 100 sizePeice.y= 100
i=1 pos.x=200 pos.y=0
sizePeice.x= 100 sizePeice.y= 100
i=2 pos.x=400 pos.y=0
sizePeice.x= 100 sizePeice.y= 100
i=3 pos.x=0 pos.y=200
sizePeice.x= 100 sizePeice.y= 100
i=4 pos.x=200 pos.y=200
sizePeice.x= 100 sizePeice.y= 100
i=5 pos.x=400 pos.y=200
sizePeice.x= 100 sizePeice.y= 100
i=6 pos.x=0 pos.y=400
sizePeice.x= 100 sizePeice.y= 100
i=7 pos.x=200 pos.y=400
sizePeice.x= 100 sizePeice.y= 100
i=8 pos.x=400 pos.y=400




computer turn to move.

- - - - - - - - - - Game Status - - - - - - - - - -
x = [0,0,0]
y = [0,1,0]
z = [0,0,0]
game is continue
computer init move = 5
temp_computerMoveCell-1 = 4
computer move applied to ui cellid-1=4
temp_computerMoveCell-1 = 4




maxY=550 maxX=500
TEXTURESIZE=100 HALFTEXTURE=50


sizePeice.x= 100 sizePeice.y= 100
i=0 pos.x=0 pos.y=50
sizePeice.x= 100 sizePeice.y= 100
i=1 pos.x=200 pos.y=50
sizePeice.x= 100 sizePeice.y= 100
i=2 pos.x=400 pos.y=50
sizePeice.x= 100 sizePeice.y= 100
i=3 pos.x=0 pos.y=225
sizePeice.x= 100 sizePeice.y= 100
i=4 pos.x=200 pos.y=225
sizePeice.x= 100 sizePeice.y= 100
i=5 pos.x=400 pos.y=225
sizePeice.x= 100 sizePeice.y= 100
i=6 pos.x=0 pos.y=450
sizePeice.x= 100 sizePeice.y= 100
i=7 pos.x=200 pos.y=450
sizePeice.x= 100 sizePeice.y= 100
i=8 pos.x=400 pos.y=450




computer turn to move.

- - - - - - - - - - Game Status - - - - - - - - - -
x = [0,1,0]
y = [0,0,0]
z = [0,0,0]
game is continue
computer init move = 2
temp_computerMoveCell-1 = 1
computer move applied to ui cellid-1=1
temp_computerMoveCell-1 = 1




maxY=550 maxX=500
TEXTURESIZE=100 HALFTEXTURE=50


sizePeice.x= 100 sizePeice.y= 100
i=0 pos.x=0 pos.y=25
sizePeice.x= 100 sizePeice.y= 100
i=1 pos.x=200 pos.y=25
sizePeice.x= 100 sizePeice.y= 100
i=2 pos.x=400 pos.y=25
sizePeice.x= 100 sizePeice.y= 100
i=3 pos.x=0 pos.y=225
sizePeice.x= 100 sizePeice.y= 100
i=4 pos.x=200 pos.y=225
sizePeice.x= 100 sizePeice.y= 100
i=5 pos.x=400 pos.y=225
sizePeice.x= 100 sizePeice.y= 100
i=6 pos.x=0 pos.y=450
sizePeice.x= 100 sizePeice.y= 100
i=7 pos.x=200 pos.y=450
sizePeice.x= 100 sizePeice.y= 100
i=8 pos.x=400 pos.y=450




computer turn to move.

- - - - - - - - - - Game Status - - - - - - - - - -
x = [1,0,0]
y = [0,0,0]
z = [0,0,0]
game is continue
computer init move = 1
temp_computerMoveCell-1 = 0
computer move applied to ui cellid-1=0
temp_computerMoveCell-1 = 0




maxY=500 maxX=500
TEXTURESIZE=100 HALFTEXTURE=50


sizePeice.x= 100 sizePeice.y= 100
i=0 pos.x=0 pos.y=0
sizePeice.x= 100 sizePeice.y= 100
i=1 pos.x=200 pos.y=0
sizePeice.x= 100 sizePeice.y= 100
i=2 pos.x=400 pos.y=0
sizePeice.x= 100 sizePeice.y= 100
i=3 pos.x=0 pos.y=200
sizePeice.x= 100 sizePeice.y= 100
i=4 pos.x=200 pos.y=200
sizePeice.x= 100 sizePeice.y= 100
i=5 pos.x=400 pos.y=200
sizePeice.x= 100 sizePeice.y= 100
i=6 pos.x=0 pos.y=400
sizePeice.x= 100 sizePeice.y= 100
i=7 pos.x=200 pos.y=400
sizePeice.x= 100 sizePeice.y= 100
i=8 pos.x=400 pos.y=400




computer turn to move.

- - - - - - - - - - Game Status - - - - - - - - - -
x = [1,0,0]
y = [0,0,0]
z = [0,0,0]
game is continue
computer init move = 1
temp_computerMoveCell-1 = 0
computer move applied to ui cellid-1=0
temp_computerMoveCell-1 = 0




maxY=600 maxX=600
TEXTURESIZE=100 HALFTEXTURE=50


sizePeice.x= 100 sizePeice.y= 100
i=0 pos.x=0 pos.y=0
sizePeice.x= 100 sizePeice.y= 100
i=1 pos.x=250 pos.y=0
sizePeice.x= 100 sizePeice.y= 100
i=2 pos.x=500 pos.y=0
sizePeice.x= 100 sizePeice.y= 100
i=3 pos.x=0 pos.y=250
sizePeice.x= 100 sizePeice.y= 100
i=4 pos.x=250 pos.y=250
sizePeice.x= 100 sizePeice.y= 100
i=5 pos.x=500 pos.y=250
sizePeice.x= 100 sizePeice.y= 100
i=6 pos.x=0 pos.y=500
sizePeice.x= 100 sizePeice.y= 100
i=7 pos.x=250 pos.y=500
sizePeice.x= 100 sizePeice.y= 100
i=8 pos.x=500 pos.y=500




computer turn to move.

- - - - - - - - - - Game Status - - - - - - - - - -
x = [0,0,0]
y = [0,1,0]
z = [0,0,0]
game is continue
computer init move = 5
temp_computerMoveCell-1 = 4
computer move applied to ui cellid-1=4
temp_computerMoveCell-1 = 4




maxY=600 maxX=600
TEXTURESIZE=100 HALFTEXTURE=50


sizePeice.x= 100 sizePeice.y= 100
i=0 pos.x=0 pos.y=0
sizePeice.x= 100 sizePeice.y= 100
i=1 pos.x=250 pos.y=0
sizePeice.x= 100 sizePeice.y= 100
i=2 pos.x=500 pos.y=0
sizePeice.x= 100 sizePeice.y= 100
i=3 pos.x=0 pos.y=250
sizePeice.x= 100 sizePeice.y= 100
i=4 pos.x=250 pos.y=250
sizePeice.x= 100 sizePeice.y= 100
i=5 pos.x=500 pos.y=250
sizePeice.x= 100 sizePeice.y= 100
i=6 pos.x=0 pos.y=500
sizePeice.x= 100 sizePeice.y= 100
i=7 pos.x=250 pos.y=500
sizePeice.x= 100 sizePeice.y= 100
i=8 pos.x=500 pos.y=500




computer turn to move.

- - - - - - - - - - Game Status - - - - - - - - - -
x = [0,0,0]
y = [0,0,0]
z = [0,0,1]
game is continue
computer init move = 9
temp_computerMoveCell-1 = 8
computer move applied to ui cellid-1=8
temp_computerMoveCell-1 = 8




maxY=600 maxX=600
TEXTURESIZE=100 HALFTEXTURE=50


sizePeice.x= 100 sizePeice.y= 100
i=0 pos.x=0 pos.y=0
sizePeice.x= 100 sizePeice.y= 100
i=1 pos.x=250 pos.y=0
sizePeice.x= 100 sizePeice.y= 100
i=2 pos.x=500 pos.y=0
sizePeice.x= 100 sizePeice.y= 100
i=3 pos.x=0 pos.y=250
sizePeice.x= 100 sizePeice.y= 100
i=4 pos.x=250 pos.y=250
sizePeice.x= 100 sizePeice.y= 100
i=5 pos.x=500 pos.y=250
sizePeice.x= 100 sizePeice.y= 100
i=6 pos.x=0 pos.y=500
sizePeice.x= 100 sizePeice.y= 100
i=7 pos.x=250 pos.y=500
sizePeice.x= 100 sizePeice.y= 100
i=8 pos.x=500 pos.y=500




computer turn to move.

- - - - - - - - - - Game Status - - - - - - - - - -
x = [0,0,0]
y = [0,0,0]
z = [0,1,0]
game is continue
computer init move = 8
temp_computerMoveCell-1 = 7
computer move applied to ui cellid-1=7
temp_computerMoveCell-1 = 7




maxY=600 maxX=600
TEXTURESIZE=100 HALFTEXTURE=50


sizePeice.x= 100 sizePeice.y= 100
i=0 pos.x=0 pos.y=0
sizePeice.x= 100 sizePeice.y= 100
i=1 pos.x=250 pos.y=0
sizePeice.x= 100 sizePeice.y= 100
i=2 pos.x=500 pos.y=0
sizePeice.x= 100 sizePeice.y= 100
i=3 pos.x=0 pos.y=250
sizePeice.x= 100 sizePeice.y= 100
i=4 pos.x=250 pos.y=250
sizePeice.x= 100 sizePeice.y= 100
i=5 pos.x=500 pos.y=250
sizePeice.x= 100 sizePeice.y= 100
i=6 pos.x=0 pos.y=500
sizePeice.x= 100 sizePeice.y= 100
i=7 pos.x=250 pos.y=500
sizePeice.x= 100 sizePeice.y= 100
i=8 pos.x=500 pos.y=500




computer turn to move.

- - - - - - - - - - Game Status - - - - - - - - - -
x = [0,0,0]
y = [0,1,0]
z = [0,0,0]
game is continue
computer init move = 5
temp_computerMoveCell-1 = 4
computer move applied to ui cellid-1=4
temp_computerMoveCell-1 = 4




maxY=600 maxX=600
TEXTURESIZE=100 HALFTEXTURE=50


sizePeice.x= 100 sizePeice.y= 100
i=0 pos.x=0 pos.y=0
sizePeice.x= 100 sizePeice.y= 100
i=1 pos.x=250 pos.y=0
sizePeice.x= 100 sizePeice.y= 100
i=2 pos.x=500 pos.y=0
sizePeice.x= 100 sizePeice.y= 100
i=3 pos.x=0 pos.y=250
sizePeice.x= 100 sizePeice.y= 100
i=4 pos.x=250 pos.y=250
sizePeice.x= 100 sizePeice.y= 100
i=5 pos.x=500 pos.y=250
sizePeice.x= 100 sizePeice.y= 100
i=6 pos.x=0 pos.y=500
sizePeice.x= 100 sizePeice.y= 100
i=7 pos.x=250 pos.y=500
sizePeice.x= 100 sizePeice.y= 100
i=8 pos.x=500 pos.y=500




computer turn to move.

- - - - - - - - - - Game Status - - - - - - - - - -
x = [0,0,0]
y = [0,0,0]
z = [1,0,0]
game is continue
computer init move = 7
temp_computerMoveCell-1 = 6
computer move applied to ui cellid-1=6
temp_computerMoveCell-1 = 6




maxY=600 maxX=600
TEXTURESIZE=100 HALFTEXTURE=50


sizePeice.x= 100 sizePeice.y= 100
i=0 pos.x=0 pos.y=0
sizePeice.x= 100 sizePeice.y= 100
i=1 pos.x=250 pos.y=0
sizePeice.x= 100 sizePeice.y= 100
i=2 pos.x=500 pos.y=0
sizePeice.x= 100 sizePeice.y= 100
i=3 pos.x=0 pos.y=250
sizePeice.x= 100 sizePeice.y= 100
i=4 pos.x=250 pos.y=250
sizePeice.x= 100 sizePeice.y= 100
i=5 pos.x=500 pos.y=250
sizePeice.x= 100 sizePeice.y= 100
i=6 pos.x=0 pos.y=500
sizePeice.x= 100 sizePeice.y= 100
i=7 pos.x=250 pos.y=500
sizePeice.x= 100 sizePeice.y= 100
i=8 pos.x=500 pos.y=500




computer turn to move.

- - - - - - - - - - Game Status - - - - - - - - - -
x = [0,0,0]
y = [1,0,0]
z = [0,0,0]
game is continue
computer init move = 4
temp_computerMoveCell-1 = 3
computer move applied to ui cellid-1=3
temp_computerMoveCell-1 = 3




maxY=600 maxX=600
TEXTURESIZE=100 HALFTEXTURE=50


sizePeice.x= 100 sizePeice.y= 100
i=0 pos.x=0 pos.y=0
sizePeice.x= 100 sizePeice.y= 100
i=1 pos.x=250 pos.y=0
sizePeice.x= 100 sizePeice.y= 100
i=2 pos.x=500 pos.y=0
sizePeice.x= 100 sizePeice.y= 100
i=3 pos.x=0 pos.y=250
sizePeice.x= 100 sizePeice.y= 100
i=4 pos.x=250 pos.y=250
sizePeice.x= 100 sizePeice.y= 100
i=5 pos.x=500 pos.y=250
sizePeice.x= 100 sizePeice.y= 100
i=6 pos.x=0 pos.y=500
sizePeice.x= 100 sizePeice.y= 100
i=7 pos.x=250 pos.y=500
sizePeice.x= 100 sizePeice.y= 100
i=8 pos.x=500 pos.y=500




computer turn to move.

- - - - - - - - - - Game Status - - - - - - - - - -
x = [0,0,1]
y = [0,0,0]
z = [0,0,0]
game is continue
computer init move = 3
temp_computerMoveCell-1 = 2
computer move applied to ui cellid-1=2
temp_computerMoveCell-1 = 2




player turn to move.
		mouse is clicked on sprite i=5+1

- - - - - - - - - - Game Status - - - - - - - - - -
x = [0,0,1]
y = [0,0,2]
z = [0,0,0]
game is continue
player move applied to ui cellid-1=5
temp_playerMoveCell-1 = 5




computer turn to move.

- - - - - - - - - - Game Status - - - - - - - - - -
x = [0,0,1]
y = [1,0,2]
z = [0,0,0]
game is continue
computer init move = 4
temp_computerMoveCell-1 = 3
computer move applied to ui cellid-1=3
temp_computerMoveCell-1 = 3




player turn to move.
		mouse is clicked on sprite i=0+1

- - - - - - - - - - Game Status - - - - - - - - - -
x = [2,0,1]
y = [1,0,2]
z = [0,0,0]
game is continue
player move applied to ui cellid-1=0
temp_playerMoveCell-1 = 0




computer turn to move.
[DUPLICATE INPUT] the y2 cell is full.
[COMPUER MOVE INFO] the random cell were full, i'll try again find another cell.

- - - - - - - - - - Game Status - - - - - - - - - -
x = [2,1,1]
y = [1,0,2]
z = [0,0,0]
game is continue
computer init move = 2
temp_computerMoveCell-1 = 1
computer move applied to ui cellid-1=1
temp_computerMoveCell-1 = 1




player turn to move.
		mouse is clicked on sprite i=4+1

- - - - - - - - - - Game Status - - - - - - - - - -
x = [2,1,1]
y = [1,2,2]
z = [0,0,0]
game is continue
player move applied to ui cellid-1=4
temp_playerMoveCell-1 = 4




computer turn to move.

- - - - - - - - - - Game Status - - - - - - - - - -
x = [2,1,1]
y = [1,2,2]
z = [0,0,1]
game is continue
temp_computerMoveCell-1 = 8
computer move applied to ui cellid-1=8
temp_computerMoveCell-1 = 8




player turn to move.
		mouse is clicked on sprite i=7+1

- - - - - - - - - - Game Status - - - - - - - - - -
x = [2,1,1]
y = [1,2,2]
z = [0,2,1]
game is continue
player move applied to ui cellid-1=7
temp_playerMoveCell-1 = 7




computer turn to move.
[DUPLICATE INPUT] the x2 cell is full.
[COMPUER MOVE INFO] the random cell were full, i'll try again find another cell.
[DUPLICATE INPUT] the y2 cell is full.
[COMPUER MOVE INFO] the random cell were full, i'll try again find another cell.
[DUPLICATE INPUT] the x2 cell is full.
[COMPUER MOVE INFO] the random cell were full, i'll try again find another cell.
[DUPLICATE INPUT] the x1 cell is full.
[COMPUER MOVE INFO] the random cell were full, i'll try again find another cell.
[DUPLICATE INPUT] the x1 cell is full.
[COMPUER MOVE INFO] the random cell were full, i'll try again find another cell.
[DUPLICATE INPUT] the x2 cell is full.
[COMPUER MOVE INFO] the random cell were full, i'll try again find another cell.
[DUPLICATE INPUT] the z2 cell is full.
[COMPUER MOVE INFO] the random cell were full, i'll try again find another cell.
[DUPLICATE INPUT] the z1 cell is full.
[COMPUER MOVE INFO] the random cell were full, i'll try again find another cell.

- - - - - - - - - - Game Status - - - - - - - - - -
x = [2,1,1]
y = [1,2,2]
z = [1,2,1]
[GAME END] game is draw.
computer init move = 7
temp_computerMoveCell-1 = 6
computer move applied to ui cellid-1=6
temp_computerMoveCell-1 = 6




game end?
maxY=600 maxX=600
TEXTURESIZE=100 HALFTEXTURE=50


sizePeice.x= 100 sizePeice.y= 100
i=0 pos.x=0 pos.y=0
sizePeice.x= 100 sizePeice.y= 100
i=1 pos.x=250 pos.y=0
sizePeice.x= 100 sizePeice.y= 100
i=2 pos.x=500 pos.y=0
sizePeice.x= 100 sizePeice.y= 100
i=3 pos.x=0 pos.y=250
sizePeice.x= 100 sizePeice.y= 100
i=4 pos.x=250 pos.y=250
sizePeice.x= 100 sizePeice.y= 100
i=5 pos.x=500 pos.y=250
sizePeice.x= 100 sizePeice.y= 100
i=6 pos.x=0 pos.y=500
sizePeice.x= 100 sizePeice.y= 100
i=7 pos.x=250 pos.y=500
sizePeice.x= 100 sizePeice.y= 100
i=8 pos.x=500 pos.y=500




computer turn to move.

- - - - - - - - - - Game Status - - - - - - - - - -
x = [0,0,0]
y = [0,0,1]
z = [0,0,0]
game is continue
computer init move = 6
temp_computerMoveCell-1 = 5
computer move applied to ui cellid-1=5
temp_computerMoveCell-1 = 5




player turn to move.
		mouse is clicked on sprite i=4+1

- - - - - - - - - - Game Status - - - - - - - - - -
x = [0,0,0]
y = [0,2,1]
z = [0,0,0]
game is continue
player move applied to ui cellid-1=4
temp_playerMoveCell-1 = 4




computer turn to move.
[DUPLICATE INPUT] the y2 cell is full.
[COMPUER MOVE INFO] the random cell were full, i'll try again find another cell.

- - - - - - - - - - Game Status - - - - - - - - - -
x = [0,1,0]
y = [0,2,1]
z = [0,0,0]
game is continue
computer init move = 2
temp_computerMoveCell-1 = 1
computer move applied to ui cellid-1=1
temp_computerMoveCell-1 = 1




player turn to move.
		mouse is clicked on sprite i=2+1

- - - - - - - - - - Game Status - - - - - - - - - -
x = [0,1,2]
y = [0,2,1]
z = [0,0,0]
game is continue
player move applied to ui cellid-1=2
temp_playerMoveCell-1 = 2




computer turn to move.

- - - - - - - - - - Game Status - - - - - - - - - -
x = [0,1,2]
y = [0,2,1]
z = [1,0,0]
game is continue
temp_computerMoveCell-1 = 6
computer move applied to ui cellid-1=6
temp_computerMoveCell-1 = 6




player turn to move.
		mouse is clicked on sprite i=7+1

- - - - - - - - - - Game Status - - - - - - - - - -
x = [0,1,2]
y = [0,2,1]
z = [1,2,0]
game is continue
player move applied to ui cellid-1=7
temp_playerMoveCell-1 = 7




computer turn to move.
[DUPLICATE INPUT] the y2 cell is full.
[COMPUER MOVE INFO] the random cell were full, i'll try again find another cell.
[DUPLICATE INPUT] the z0 cell is full.
[COMPUER MOVE INFO] the random cell were full, i'll try again find another cell.
[DUPLICATE INPUT] the x1 cell is full.
[COMPUER MOVE INFO] the random cell were full, i'll try again find another cell.
[DUPLICATE INPUT] the y2 cell is full.
[COMPUER MOVE INFO] the random cell were full, i'll try again find another cell.
[DUPLICATE INPUT] the x2 cell is full.
[COMPUER MOVE INFO] the random cell were full, i'll try again find another cell.

- - - - - - - - - - Game Status - - - - - - - - - -
x = [0,1,2]
y = [0,2,1]
z = [1,2,1]
game is continue
computer init move = 9
temp_computerMoveCell-1 = 8
computer move applied to ui cellid-1=8
temp_computerMoveCell-1 = 8




player turn to move.
		mouse is clicked on sprite i=3+1

- - - - - - - - - - Game Status - - - - - - - - - -
x = [0,1,2]
y = [2,2,1]
z = [1,2,1]
game is continue
player move applied to ui cellid-1=3
temp_playerMoveCell-1 = 3




computer turn to move.
[DUPLICATE INPUT] the y2 cell is full.
[COMPUER MOVE INFO] the random cell were full, i'll try again find another cell.
[DUPLICATE INPUT] the z0 cell is full.
[COMPUER MOVE INFO] the random cell were full, i'll try again find another cell.
[DUPLICATE INPUT] the x1 cell is full.
[COMPUER MOVE INFO] the random cell were full, i'll try again find another cell.
[DUPLICATE INPUT] the y2 cell is full.
[COMPUER MOVE INFO] the random cell were full, i'll try again find another cell.
[DUPLICATE INPUT] the x2 cell is full.
[COMPUER MOVE INFO] the random cell were full, i'll try again find another cell.
[DUPLICATE INPUT] the z2 cell is full.
[COMPUER MOVE INFO] the random cell were full, i'll try again find another cell.
[DUPLICATE INPUT] the x2 cell is full.
[COMPUER MOVE INFO] the random cell were full, i'll try again find another cell.
[DUPLICATE INPUT] the x1 cell is full.
[COMPUER MOVE INFO] the random cell were full, i'll try again find another cell.

- - - - - - - - - - Game Status - - - - - - - - - -
x = [1,1,2]
y = [2,2,1]
z = [1,2,1]
[GAME END] game is draw.
computer init move = 1
temp_computerMoveCell-1 = 0
computer move applied to ui cellid-1=0
temp_computerMoveCell-1 = 0




game end?
maxY=600 maxX=600
TEXTURESIZE=100 HALFTEXTURE=50


sizePeice.x= 100 sizePeice.y= 100
i=0 pos.x=0 pos.y=0
sizePeice.x= 100 sizePeice.y= 100
i=1 pos.x=250 pos.y=0
sizePeice.x= 100 sizePeice.y= 100
i=2 pos.x=500 pos.y=0
sizePeice.x= 100 sizePeice.y= 100
i=3 pos.x=0 pos.y=250
sizePeice.x= 100 sizePeice.y= 100
i=4 pos.x=250 pos.y=250
sizePeice.x= 100 sizePeice.y= 100
i=5 pos.x=500 pos.y=250
sizePeice.x= 100 sizePeice.y= 100
i=6 pos.x=0 pos.y=500
sizePeice.x= 100 sizePeice.y= 100
i=7 pos.x=250 pos.y=500
sizePeice.x= 100 sizePeice.y= 100
i=8 pos.x=500 pos.y=500




computer turn to move.

- - - - - - - - - - Game Status - - - - - - - - - -
x = [0,0,1]
y = [0,0,0]
z = [0,0,0]
game is continue
computer init move = 3
temp_computerMoveCell-1 = 2
computer move applied to ui cellid-1=2
temp_computerMoveCell-1 = 2




player turn to move.
Mouse Left Button Pressed
mouse pos  =618 y=288
		mouse is clicked on sprite i=5+1

- - - - - - - - - - Game Status - - - - - - - - - -
x = [0,0,1]
y = [0,0,2]
z = [0,0,0]
game is continue
player move applied to ui cellid-1=5
temp_playerMoveCell-1 = 5




computer turn to move.

- - - - - - - - - - Game Status - - - - - - - - - -
x = [0,0,1]
y = [0,0,2]
z = [0,0,1]
game is continue
computer init move = 9
temp_computerMoveCell-1 = 8
computer move applied to ui cellid-1=8
temp_computerMoveCell-1 = 8




player turn to move.
		mouse is clicked on sprite i=4+1

- - - - - - - - - - Game Status - - - - - - - - - -
x = [0,0,1]
y = [0,2,2]
z = [0,0,1]
game is continue
player move applied to ui cellid-1=4
temp_playerMoveCell-1 = 4




computer turn to move.

- - - - - - - - - - Game Status - - - - - - - - - -
x = [0,0,1]
y = [1,2,2]
z = [0,0,1]
game is continue
temp_computerMoveCell-1 = 3
computer move applied to ui cellid-1=3
temp_computerMoveCell-1 = 3




player turn to move.
Mouse Left Button Pressed
mouse pos  =345 y=499
		mouse is clicked on sprite i=7+1

- - - - - - - - - - Game Status - - - - - - - - - -
x = [0,0,1]
y = [1,2,2]
z = [0,2,1]
game is continue
player move applied to ui cellid-1=7
temp_playerMoveCell-1 = 7




computer turn to move.

- - - - - - - - - - Game Status - - - - - - - - - -
x = [0,1,1]
y = [1,2,2]
z = [0,2,1]
game is continue
temp_computerMoveCell-1 = 1
computer move applied to ui cellid-1=1
temp_computerMoveCell-1 = 1




player turn to move.
		mouse is clicked on sprite i=0+1

- - - - - - - - - - Game Status - - - - - - - - - -
x = [2,1,1]
y = [1,2,2]
z = [0,2,1]
game is continue
player move applied to ui cellid-1=0
temp_playerMoveCell-1 = 0




computer turn to move.
[DUPLICATE INPUT] the z2 cell is full.
[COMPUER MOVE INFO] the random cell were full, i'll try again find another cell.
[DUPLICATE INPUT] the z2 cell is full.
[COMPUER MOVE INFO] the random cell were full, i'll try again find another cell.
[DUPLICATE INPUT] the x0 cell is full.
[COMPUER MOVE INFO] the random cell were full, i'll try again find another cell.
[DUPLICATE INPUT] the y0 cell is full.
[COMPUER MOVE INFO] the random cell were full, i'll try again find another cell.

- - - - - - - - - - Game Status - - - - - - - - - -
x = [2,1,1]
y = [1,2,2]
z = [1,2,1]
[GAME END] game is draw.
computer init move = 7
temp_computerMoveCell-1 = 6
computer move applied to ui cellid-1=6
temp_computerMoveCell-1 = 6




game end?
maxY=600 maxX=600
TEXTURESIZE=100 HALFTEXTURE=50


sizePeice.x= 100 sizePeice.y= 100
i=0 pos.x=0 pos.y=0
sizePeice.x= 100 sizePeice.y= 100
i=1 pos.x=250 pos.y=0
sizePeice.x= 100 sizePeice.y= 100
i=2 pos.x=500 pos.y=0
sizePeice.x= 100 sizePeice.y= 100
i=3 pos.x=0 pos.y=250
sizePeice.x= 100 sizePeice.y= 100
i=4 pos.x=250 pos.y=250
sizePeice.x= 100 sizePeice.y= 100
i=5 pos.x=500 pos.y=250
sizePeice.x= 100 sizePeice.y= 100
i=6 pos.x=0 pos.y=500
sizePeice.x= 100 sizePeice.y= 100
i=7 pos.x=250 pos.y=500
sizePeice.x= 100 sizePeice.y= 100
i=8 pos.x=500 pos.y=500




computer turn to move.

- - - - - - - - - - Game Status - - - - - - - - - -
x = [0,0,0]
y = [0,0,0]
z = [0,1,0]
game is continue
computer init move = 8
temp_computerMoveCell-1 = 7
computer move applied to ui cellid-1=7
temp_computerMoveCell-1 = 7




player turn to move.
		mouse is clicked on sprite i=5+1

- - - - - - - - - - Game Status - - - - - - - - - -
x = [0,0,0]
y = [0,0,2]
z = [0,1,0]
game is continue
player move applied to ui cellid-1=5
temp_playerMoveCell-1 = 5




computer turn to move.
[DUPLICATE INPUT] the z1 cell is full.
[COMPUER MOVE INFO] the random cell were full, i'll try again find another cell.
[DUPLICATE INPUT] the z1 cell is full.
[COMPUER MOVE INFO] the random cell were full, i'll try again find another cell.
[DUPLICATE INPUT] the z1 cell is full.
[COMPUER MOVE INFO] the random cell were full, i'll try again find another cell.
[DUPLICATE INPUT] the y2 cell is full.
[COMPUER MOVE INFO] the random cell were full, i'll try again find another cell.

- - - - - - - - - - Game Status - - - - - - - - - -
x = [0,0,1]
y = [0,0,2]
z = [0,1,0]
game is continue
computer init move = 3
temp_computerMoveCell-1 = 2
computer move applied to ui cellid-1=2
temp_computerMoveCell-1 = 2




player turn to move.
		mouse is clicked on sprite i=4+1

- - - - - - - - - - Game Status - - - - - - - - - -
x = [0,0,1]
y = [0,2,2]
z = [0,1,0]
game is continue
player move applied to ui cellid-1=4
temp_playerMoveCell-1 = 4




computer turn to move.

- - - - - - - - - - Game Status - - - - - - - - - -
x = [0,0,1]
y = [1,2,2]
z = [0,1,0]
game is continue
temp_computerMoveCell-1 = 3
computer move applied to ui cellid-1=3
temp_computerMoveCell-1 = 3




player turn to move.
Mouse Left Button Pressed
mouse pos  =314 y=146
Mouse Left Button Pressed
mouse pos  =311 y=122
Mouse Left Button Pressed
mouse pos  =305 y=103
Mouse Left Button Pressed
mouse pos  =66 y=100
		mouse is clicked on sprite i=8+1

- - - - - - - - - - Game Status - - - - - - - - - -
x = [0,0,1]
y = [1,2,2]
z = [0,1,2]
game is continue
player move applied to ui cellid-1=8
temp_playerMoveCell-1 = 8




computer turn to move.

- - - - - - - - - - Game Status - - - - - - - - - -
x = [1,0,1]
y = [1,2,2]
z = [0,1,2]
game is continue
temp_computerMoveCell-1 = 0
computer move applied to ui cellid-1=0
temp_computerMoveCell-1 = 0




player turn to move.
		mouse is clicked on sprite i=1+1

- - - - - - - - - - Game Status - - - - - - - - - -
x = [1,2,1]
y = [1,2,2]
z = [0,1,2]
game is continue
player move applied to ui cellid-1=1
temp_playerMoveCell-1 = 1




computer turn to move.

- - - - - - - - - - Game Status - - - - - - - - - -
x = [1,2,1]
y = [1,2,2]
z = [1,1,2]
player 1 won by raw xyz 0
temp_computerMoveCell-1 = 6
computer move applied to ui cellid-1=6
temp_computerMoveCell-1 = 6




game end?
maxY=600 maxX=600
TEXTURESIZE=100 HALFTEXTURE=50


sizePeice.x= 100 sizePeice.y= 100
i=0 pos.x=0 pos.y=0
sizePeice.x= 100 sizePeice.y= 100
i=1 pos.x=250 pos.y=0
sizePeice.x= 100 sizePeice.y= 100
i=2 pos.x=500 pos.y=0
sizePeice.x= 100 sizePeice.y= 100
i=3 pos.x=0 pos.y=250
sizePeice.x= 100 sizePeice.y= 100
i=4 pos.x=250 pos.y=250
sizePeice.x= 100 sizePeice.y= 100
i=5 pos.x=500 pos.y=250
sizePeice.x= 100 sizePeice.y= 100
i=6 pos.x=0 pos.y=500
sizePeice.x= 100 sizePeice.y= 100
i=7 pos.x=250 pos.y=500
sizePeice.x= 100 sizePeice.y= 100
i=8 pos.x=500 pos.y=500




computer turn to move.

- - - - - - - - - - Game Status - - - - - - - - - -
x = [0,1,0]
y = [0,0,0]
z = [0,0,0]
game is continue
computer init move = 2
temp_computerMoveCell-1 = 1
computer move applied to ui cellid-1=1
temp_computerMoveCell-1 = 1




player turn to move.
		mouse is clicked on sprite i=4+1

- - - - - - - - - - Game Status - - - - - - - - - -
x = [0,1,0]
y = [0,2,0]
z = [0,0,0]
game is continue
player move applied to ui cellid-1=4
temp_playerMoveCell-1 = 4




computer turn to move.
[DUPLICATE INPUT] the x1 cell is full.
[COMPUER MOVE INFO] the random cell were full, i'll try again find another cell.
[DUPLICATE INPUT] the x1 cell is full.
[COMPUER MOVE INFO] the random cell were full, i'll try again find another cell.

- - - - - - - - - - Game Status - - - - - - - - - -
x = [0,1,0]
y = [0,2,1]
z = [0,0,0]
game is continue
computer init move = 6
temp_computerMoveCell-1 = 5
computer move applied to ui cellid-1=5
temp_computerMoveCell-1 = 5




player turn to move.
Mouse Left Button Pressed
mouse pos  =491 y=79
		mouse is clicked on sprite i=2+1

- - - - - - - - - - Game Status - - - - - - - - - -
x = [0,1,2]
y = [0,2,1]
z = [0,0,0]
game is continue
player move applied to ui cellid-1=2
temp_playerMoveCell-1 = 2




computer turn to move.

- - - - - - - - - - Game Status - - - - - - - - - -
x = [0,1,2]
y = [0,2,1]
z = [1,0,0]
game is continue
temp_computerMoveCell-1 = 6
computer move applied to ui cellid-1=6
temp_computerMoveCell-1 = 6




player turn to move.
		mouse is clicked on sprite i=3+1

- - - - - - - - - - Game Status - - - - - - - - - -
x = [0,1,2]
y = [2,2,1]
z = [1,0,0]
game is continue
player move applied to ui cellid-1=3
temp_playerMoveCell-1 = 3




computer turn to move.
[DUPLICATE INPUT] the z0 cell is full.
[COMPUER MOVE INFO] the random cell were full, i'll try again find another cell.
[DUPLICATE INPUT] the y2 cell is full.
[COMPUER MOVE INFO] the random cell were full, i'll try again find another cell.
[DUPLICATE INPUT] the z0 cell is full.
[COMPUER MOVE INFO] the random cell were full, i'll try again find another cell.
[DUPLICATE INPUT] the z0 cell is full.
[COMPUER MOVE INFO] the random cell were full, i'll try again find another cell.
[DUPLICATE INPUT] the y1 cell is full.
[COMPUER MOVE INFO] the random cell were full, i'll try again find another cell.
[DUPLICATE INPUT] the y2 cell is full.
[COMPUER MOVE INFO] the random cell were full, i'll try again find another cell.
[DUPLICATE INPUT] the z0 cell is full.
[COMPUER MOVE INFO] the random cell were full, i'll try again find another cell.
[DUPLICATE INPUT] the y0 cell is full.
[COMPUER MOVE INFO] the random cell were full, i'll try again find another cell.
[DUPLICATE INPUT] the x1 cell is full.
[COMPUER MOVE INFO] the random cell were full, i'll try again find another cell.
[DUPLICATE INPUT] the z0 cell is full.
[COMPUER MOVE INFO] the random cell were full, i'll try again find another cell.
[DUPLICATE INPUT] the z0 cell is full.
[COMPUER MOVE INFO] the random cell were full, i'll try again find another cell.
[DUPLICATE INPUT] the x2 cell is full.
[COMPUER MOVE INFO] the random cell were full, i'll try again find another cell.

- - - - - - - - - - Game Status - - - - - - - - - -
x = [0,1,2]
y = [2,2,1]
z = [1,0,1]
game is continue
computer init move = 9
temp_computerMoveCell-1 = 8
computer move applied to ui cellid-1=8
temp_computerMoveCell-1 = 8




player turn to move.
		mouse is clicked on sprite i=7+1

- - - - - - - - - - Game Status - - - - - - - - - -
x = [0,1,2]
y = [2,2,1]
z = [1,2,1]
game is continue
player move applied to ui cellid-1=7
temp_playerMoveCell-1 = 7




computer turn to move.
[DUPLICATE INPUT] the x1 cell is full.
[COMPUER MOVE INFO] the random cell were full, i'll try again find another cell.
[DUPLICATE INPUT] the x1 cell is full.
[COMPUER MOVE INFO] the random cell were full, i'll try again find another cell.
[DUPLICATE INPUT] the z1 cell is full.
[COMPUER MOVE INFO] the random cell were full, i'll try again find another cell.

- - - - - - - - - - Game Status - - - - - - - - - -
x = [1,1,2]
y = [2,2,1]
z = [1,2,1]
[GAME END] game is draw.
computer init move = 1
temp_computerMoveCell-1 = 0
computer move applied to ui cellid-1=0
temp_computerMoveCell-1 = 0




game end?
maxY=600 maxX=600
TEXTURESIZE=100 HALFTEXTURE=50


sizePeice.x= 100 sizePeice.y= 100
i=0 pos.x=0 pos.y=0
sizePeice.x= 100 sizePeice.y= 100
i=1 pos.x=250 pos.y=0
sizePeice.x= 100 sizePeice.y= 100
i=2 pos.x=500 pos.y=0
sizePeice.x= 100 sizePeice.y= 100
i=3 pos.x=0 pos.y=250
sizePeice.x= 100 sizePeice.y= 100
i=4 pos.x=250 pos.y=250
sizePeice.x= 100 sizePeice.y= 100
i=5 pos.x=500 pos.y=250
sizePeice.x= 100 sizePeice.y= 100
i=6 pos.x=0 pos.y=500
sizePeice.x= 100 sizePeice.y= 100
i=7 pos.x=250 pos.y=500
sizePeice.x= 100 sizePeice.y= 100
i=8 pos.x=500 pos.y=500




computer turn to move.

- - - - - - - - - - Game Status - - - - - - - - - -
x = [0,0,0]
y = [0,1,0]
z = [0,0,0]
game is continue
computer init move = 5
temp_computerMoveCell-1 = 4
computer move applied to ui cellid-1=4
temp_computerMoveCell-1 = 4




player turn to move.
		mouse is clicked on sprite i=5+1

- - - - - - - - - - Game Status - - - - - - - - - -
x = [0,0,0]
y = [0,1,2]
z = [0,0,0]
game is continue
player move applied to ui cellid-1=5
temp_playerMoveCell-1 = 5




computer turn to move.

- - - - - - - - - - Game Status - - - - - - - - - -
x = [0,0,0]
y = [0,1,2]
z = [0,1,0]
game is continue
computer init move = 8
temp_computerMoveCell-1 = 7
computer move applied to ui cellid-1=7
temp_computerMoveCell-1 = 7




player turn to move.
		mouse is clicked on sprite i=1+1

- - - - - - - - - - Game Status - - - - - - - - - -
x = [0,2,0]
y = [0,1,2]
z = [0,1,0]
game is continue
player move applied to ui cellid-1=1
temp_playerMoveCell-1 = 1




computer turn to move.

- - - - - - - - - - Game Status - - - - - - - - - -
x = [0,2,1]
y = [0,1,2]
z = [0,1,0]
game is continue
computer init move = 3
temp_computerMoveCell-1 = 2
computer move applied to ui cellid-1=2
temp_computerMoveCell-1 = 2




player turn to move.
		mouse is clicked on sprite i=6+1

- - - - - - - - - - Game Status - - - - - - - - - -
x = [0,2,1]
y = [0,1,2]
z = [2,1,0]
game is continue
player move applied to ui cellid-1=6
temp_playerMoveCell-1 = 6




computer turn to move.
[DUPLICATE INPUT] the x2 cell is full.
[COMPUER MOVE INFO] the random cell were full, i'll try again find another cell.
[DUPLICATE INPUT] the y1 cell is full.
[COMPUER MOVE INFO] the random cell were full, i'll try again find another cell.

- - - - - - - - - - Game Status - - - - - - - - - -
x = [0,2,1]
y = [1,1,2]
z = [2,1,0]
game is continue
computer init move = 4
temp_computerMoveCell-1 = 3
computer move applied to ui cellid-1=3
temp_computerMoveCell-1 = 3




player turn to move.
		mouse is clicked on sprite i=8+1

- - - - - - - - - - Game Status - - - - - - - - - -
x = [0,2,1]
y = [1,1,2]
z = [2,1,2]
game is continue
player move applied to ui cellid-1=8
temp_playerMoveCell-1 = 8




computer turn to move.
[DUPLICATE INPUT] the x1 cell is full.
[COMPUER MOVE INFO] the random cell were full, i'll try again find another cell.
[DUPLICATE INPUT] the z2 cell is full.
[COMPUER MOVE INFO] the random cell were full, i'll try again find another cell.
[DUPLICATE INPUT] the z0 cell is full.
[COMPUER MOVE INFO] the random cell were full, i'll try again find another cell.
[DUPLICATE INPUT] the x1 cell is full.
[COMPUER MOVE INFO] the random cell were full, i'll try again find another cell.

- - - - - - - - - - Game Status - - - - - - - - - -
x = [1,2,1]
y = [1,1,2]
z = [2,1,2]
[GAME END] game is draw.
computer init move = 1
temp_computerMoveCell-1 = 0
computer move applied to ui cellid-1=0
temp_computerMoveCell-1 = 0




game end?
maxY=600 maxX=600
TEXTURESIZE=100 HALFTEXTURE=50


sizePeice.x= 100 sizePeice.y= 100
i=0 pos.x=0 pos.y=0
sizePeice.x= 100 sizePeice.y= 100
i=1 pos.x=250 pos.y=0
sizePeice.x= 100 sizePeice.y= 100
i=2 pos.x=500 pos.y=0
sizePeice.x= 100 sizePeice.y= 100
i=3 pos.x=0 pos.y=250
sizePeice.x= 100 sizePeice.y= 100
i=4 pos.x=250 pos.y=250
sizePeice.x= 100 sizePeice.y= 100
i=5 pos.x=500 pos.y=250
sizePeice.x= 100 sizePeice.y= 100
i=6 pos.x=0 pos.y=500
sizePeice.x= 100 sizePeice.y= 100
i=7 pos.x=250 pos.y=500
sizePeice.x= 100 sizePeice.y= 100
i=8 pos.x=500 pos.y=500




computer turn to move.

- - - - - - - - - - Game Status - - - - - - - - - -
x = [0,0,0]
y = [0,0,1]
z = [0,0,0]
game is continue
computer init move = 6
temp_computerMoveCell-1 = 5
computer move applied to ui cellid-1=5
temp_computerMoveCell-1 = 5




maxY=600 maxX=600
TEXTURESIZE=100 HALFTEXTURE=50


sizePeice.x= 100 sizePeice.y= 100
i=0 pos.x=0 pos.y=0
sizePeice.x= 100 sizePeice.y= 100
i=1 pos.x=250 pos.y=0
sizePeice.x= 100 sizePeice.y= 100
i=2 pos.x=500 pos.y=0
sizePeice.x= 100 sizePeice.y= 100
i=3 pos.x=0 pos.y=250
sizePeice.x= 100 sizePeice.y= 100
i=4 pos.x=250 pos.y=250
sizePeice.x= 100 sizePeice.y= 100
i=5 pos.x=500 pos.y=250
sizePeice.x= 100 sizePeice.y= 100
i=6 pos.x=0 pos.y=500
sizePeice.x= 100 sizePeice.y= 100
i=7 pos.x=250 pos.y=500
sizePeice.x= 100 sizePeice.y= 100
i=8 pos.x=500 pos.y=500




computer turn to move.

- - - - - - - - - - Game Status - - - - - - - - - -
x = [1,0,0]
y = [0,0,0]
z = [0,0,0]
game is continue
computer init move = 1
temp_computerMoveCell-1 = 0
computer move applied to ui cellid-1=0
temp_computerMoveCell-1 = 0




maxY=600 maxX=600
TEXTURESIZE=100 HALFTEXTURE=50


sizePeice.x= 100 sizePeice.y= 100
i=0 pos.x=0 pos.y=0
sizePeice.x= 100 sizePeice.y= 100
i=1 pos.x=250 pos.y=0
sizePeice.x= 100 sizePeice.y= 100
i=2 pos.x=500 pos.y=0
sizePeice.x= 100 sizePeice.y= 100
i=3 pos.x=0 pos.y=250
sizePeice.x= 100 sizePeice.y= 100
i=4 pos.x=250 pos.y=250
sizePeice.x= 100 sizePeice.y= 100
i=5 pos.x=500 pos.y=250
sizePeice.x= 100 sizePeice.y= 100
i=6 pos.x=0 pos.y=500
sizePeice.x= 100 sizePeice.y= 100
i=7 pos.x=250 pos.y=500
sizePeice.x= 100 sizePeice.y= 100
i=8 pos.x=500 pos.y=500




computer turn to move.

- - - - - - - - - - Game Status - - - - - - - - - -
x = [0,0,1]
y = [0,0,0]
z = [0,0,0]
game is continue
computer init move = 3
temp_computerMoveCell-1 = 2
computer move applied to ui cellid-1=2
temp_computerMoveCell-1 = 2




maxY=600 maxX=600
TEXTURESIZE=100 HALFTEXTURE=50


sizePeice.x= 100 sizePeice.y= 100
i=0 pos.x=0 pos.y=0
sizePeice.x= 100 sizePeice.y= 100
i=1 pos.x=250 pos.y=0
sizePeice.x= 100 sizePeice.y= 100
i=2 pos.x=500 pos.y=0
sizePeice.x= 100 sizePeice.y= 100
i=3 pos.x=0 pos.y=250
sizePeice.x= 100 sizePeice.y= 100
i=4 pos.x=250 pos.y=250
sizePeice.x= 100 sizePeice.y= 100
i=5 pos.x=500 pos.y=250
sizePeice.x= 100 sizePeice.y= 100
i=6 pos.x=0 pos.y=500
sizePeice.x= 100 sizePeice.y= 100
i=7 pos.x=250 pos.y=500
sizePeice.x= 100 sizePeice.y= 100
i=8 pos.x=500 pos.y=500




computer turn to move.

- - - - - - - - - - Game Status - - - - - - - - - -
x = [0,0,0]
y = [0,0,0]
z = [0,0,1]
game is continue
computer init move = 9
temp_computerMoveCell-1 = 8
computer move applied to ui cellid-1=8
temp_computerMoveCell-1 = 8




maxY=600 maxX=600
TEXTURESIZE=100 HALFTEXTURE=50


sizePeice.x= 100 sizePeice.y= 100
i=0 pos.x=0 pos.y=0
sizePeice.x= 100 sizePeice.y= 100
i=1 pos.x=250 pos.y=0
sizePeice.x= 100 sizePeice.y= 100
i=2 pos.x=500 pos.y=0
sizePeice.x= 100 sizePeice.y= 100
i=3 pos.x=0 pos.y=250
sizePeice.x= 100 sizePeice.y= 100
i=4 pos.x=250 pos.y=250
sizePeice.x= 100 sizePeice.y= 100
i=5 pos.x=500 pos.y=250
sizePeice.x= 100 sizePeice.y= 100
i=6 pos.x=0 pos.y=500
sizePeice.x= 100 sizePeice.y= 100
i=7 pos.x=250 pos.y=500
sizePeice.x= 100 sizePeice.y= 100
i=8 pos.x=500 pos.y=500




computer turn to move.

- - - - - - - - - - Game Status - - - - - - - - - -
x = [0,0,1]
y = [0,0,0]
z = [0,0,0]
game is continue
computer init move = 3
temp_computerMoveCell-1 = 2
computer move applied to ui cellid-1=2
temp_computerMoveCell-1 = 2




maxY=600 maxX=600
TEXTURESIZE=100 HALFTEXTURE=50


sizePeice.x= 100 sizePeice.y= 100
i=0 pos.x=0 pos.y=0
sizePeice.x= 100 sizePeice.y= 100
i=1 pos.x=250 pos.y=0
sizePeice.x= 100 sizePeice.y= 100
i=2 pos.x=500 pos.y=0
sizePeice.x= 100 sizePeice.y= 100
i=3 pos.x=0 pos.y=250
sizePeice.x= 100 sizePeice.y= 100
i=4 pos.x=250 pos.y=250
sizePeice.x= 100 sizePeice.y= 100
i=5 pos.x=500 pos.y=250
sizePeice.x= 100 sizePeice.y= 100
i=6 pos.x=0 pos.y=500
sizePeice.x= 100 sizePeice.y= 100
i=7 pos.x=250 pos.y=500
sizePeice.x= 100 sizePeice.y= 100
i=8 pos.x=500 pos.y=500




computer turn to move.

- - - - - - - - - - Game Status - - - - - - - - - -
x = [0,0,1]
y = [0,0,0]
z = [0,0,0]
game is continue
computer init move = 3
temp_computerMoveCell-1 = 2
computer move applied to ui cellid-1=2
temp_computerMoveCell-1 = 2




maxY=600 maxX=600
TEXTURESIZE=100 HALFTEXTURE=50


sizePeice.x= 100 sizePeice.y= 100
i=0 pos.x=0 pos.y=0
sizePeice.x= 100 sizePeice.y= 100
i=1 pos.x=250 pos.y=0
sizePeice.x= 100 sizePeice.y= 100
i=2 pos.x=500 pos.y=0
sizePeice.x= 100 sizePeice.y= 100
i=3 pos.x=0 pos.y=250
sizePeice.x= 100 sizePeice.y= 100
i=4 pos.x=250 pos.y=250
sizePeice.x= 100 sizePeice.y= 100
i=5 pos.x=500 pos.y=250
sizePeice.x= 100 sizePeice.y= 100
i=6 pos.x=0 pos.y=500
sizePeice.x= 100 sizePeice.y= 100
i=7 pos.x=250 pos.y=500
sizePeice.x= 100 sizePeice.y= 100
i=8 pos.x=500 pos.y=500




computer turn to move.

- - - - - - - - - - Game Status - - - - - - - - - -
x = [1,0,0]
y = [0,0,0]
z = [0,0,0]
game is continue
computer init move = 1
temp_computerMoveCell-1 = 0
computer move applied to ui cellid-1=0
temp_computerMoveCell-1 = 0




maxY=600 maxX=600
TEXTURESIZE=100 HALFTEXTURE=50


sizePeice.x= 100 sizePeice.y= 100
i=0 pos.x=0 pos.y=0
sizePeice.x= 100 sizePeice.y= 100
i=1 pos.x=250 pos.y=0
sizePeice.x= 100 sizePeice.y= 100
i=2 pos.x=500 pos.y=0
sizePeice.x= 100 sizePeice.y= 100
i=3 pos.x=0 pos.y=250
sizePeice.x= 100 sizePeice.y= 100
i=4 pos.x=250 pos.y=250
sizePeice.x= 100 sizePeice.y= 100
i=5 pos.x=500 pos.y=250
sizePeice.x= 100 sizePeice.y= 100
i=6 pos.x=0 pos.y=500
sizePeice.x= 100 sizePeice.y= 100
i=7 pos.x=250 pos.y=500
sizePeice.x= 100 sizePeice.y= 100
i=8 pos.x=500 pos.y=500




computer turn to move.

- - - - - - - - - - Game Status - - - - - - - - - -
x = [0,0,1]
y = [0,0,0]
z = [0,0,0]
game is continue
computer init move = 3
temp_computerMoveCell-1 = 2
computer move applied to ui cellid-1=2
temp_computerMoveCell-1 = 2




maxY=600 maxX=600
TEXTURESIZE=100 HALFTEXTURE=50


sizePeice.x= 100 sizePeice.y= 100
i=0 pos.x=0 pos.y=0
sizePeice.x= 100 sizePeice.y= 100
i=1 pos.x=250 pos.y=0
sizePeice.x= 100 sizePeice.y= 100
i=2 pos.x=500 pos.y=0
sizePeice.x= 100 sizePeice.y= 100
i=3 pos.x=0 pos.y=250
sizePeice.x= 100 sizePeice.y= 100
i=4 pos.x=250 pos.y=250
sizePeice.x= 100 sizePeice.y= 100
i=5 pos.x=500 pos.y=250
sizePeice.x= 100 sizePeice.y= 100
i=6 pos.x=0 pos.y=500
sizePeice.x= 100 sizePeice.y= 100
i=7 pos.x=250 pos.y=500
sizePeice.x= 100 sizePeice.y= 100
i=8 pos.x=500 pos.y=500




computer turn to move.

- - - - - - - - - - Game Status - - - - - - - - - -
x = [0,1,0]
y = [0,0,0]
z = [0,0,0]
game is continue
computer init move = 2
temp_computerMoveCell-1 = 1
computer move applied to ui cellid-1=1
temp_computerMoveCell-1 = 1




maxY=600 maxX=600
TEXTURESIZE=100 HALFTEXTURE=50


sizePeice.x= 100 sizePeice.y= 100
i=0 pos.x=0 pos.y=0
sizePeice.x= 100 sizePeice.y= 100
i=1 pos.x=250 pos.y=0
sizePeice.x= 100 sizePeice.y= 100
i=2 pos.x=500 pos.y=0
sizePeice.x= 100 sizePeice.y= 100
i=3 pos.x=0 pos.y=250
sizePeice.x= 100 sizePeice.y= 100
i=4 pos.x=250 pos.y=250
sizePeice.x= 100 sizePeice.y= 100
i=5 pos.x=500 pos.y=250
sizePeice.x= 100 sizePeice.y= 100
i=6 pos.x=0 pos.y=500
sizePeice.x= 100 sizePeice.y= 100
i=7 pos.x=250 pos.y=500
sizePeice.x= 100 sizePeice.y= 100
i=8 pos.x=500 pos.y=500




computer turn to move.

- - - - - - - - - - Game Status - - - - - - - - - -
x = [0,0,0]
y = [0,0,0]
z = [0,1,0]
game is continue
computer init move = 8
temp_computerMoveCell-1 = 7
computer move applied to ui cellid-1=7
temp_computerMoveCell-1 = 7




maxY=600 maxX=600
TEXTURESIZE=100 HALFTEXTURE=50


sizePeice.x= 100 sizePeice.y= 100
i=0 pos.x=0 pos.y=0
sizePeice.x= 100 sizePeice.y= 100
i=1 pos.x=250 pos.y=0
sizePeice.x= 100 sizePeice.y= 100
i=2 pos.x=500 pos.y=0
sizePeice.x= 100 sizePeice.y= 100
i=3 pos.x=0 pos.y=250
sizePeice.x= 100 sizePeice.y= 100
i=4 pos.x=250 pos.y=250
sizePeice.x= 100 sizePeice.y= 100
i=5 pos.x=500 pos.y=250
sizePeice.x= 100 sizePeice.y= 100
i=6 pos.x=0 pos.y=500
sizePeice.x= 100 sizePeice.y= 100
i=7 pos.x=250 pos.y=500
sizePeice.x= 100 sizePeice.y= 100
i=8 pos.x=500 pos.y=500




computer turn to move.

- - - - - - - - - - Game Status - - - - - - - - - -
x = [0,0,0]
y = [0,0,1]
z = [0,0,0]
game is continue
computer init move = 6
temp_computerMoveCell-1 = 5
computer move applied to ui cellid-1=5
temp_computerMoveCell-1 = 5




maxY=600 maxX=600
TEXTURESIZE=100 HALFTEXTURE=50


sizePeice.x= 100 sizePeice.y= 100
i=0 pos.x=0 pos.y=0
sizePeice.x= 100 sizePeice.y= 100
i=1 pos.x=250 pos.y=0
sizePeice.x= 100 sizePeice.y= 100
i=2 pos.x=500 pos.y=0
sizePeice.x= 100 sizePeice.y= 100
i=3 pos.x=0 pos.y=250
sizePeice.x= 100 sizePeice.y= 100
i=4 pos.x=250 pos.y=250
sizePeice.x= 100 sizePeice.y= 100
i=5 pos.x=500 pos.y=250
sizePeice.x= 100 sizePeice.y= 100
i=6 pos.x=0 pos.y=500
sizePeice.x= 100 sizePeice.y= 100
i=7 pos.x=250 pos.y=500
sizePeice.x= 100 sizePeice.y= 100
i=8 pos.x=500 pos.y=500




computer turn to move.

- - - - - - - - - - Game Status - - - - - - - - - -
x = [1,0,0]
y = [0,0,0]
z = [0,0,0]
game is continue
computer init move = 1
temp_computerMoveCell-1 = 0
computer move applied to ui cellid-1=0
temp_computerMoveCell-1 = 0




maxY=600 maxX=600
TEXTURESIZE=100 HALFTEXTURE=50


sizePeice.x= 100 sizePeice.y= 100
i=0 pos.x=0 pos.y=0
sizePeice.x= 100 sizePeice.y= 100
i=1 pos.x=250 pos.y=0
sizePeice.x= 100 sizePeice.y= 100
i=2 pos.x=500 pos.y=0
sizePeice.x= 100 sizePeice.y= 100
i=3 pos.x=0 pos.y=250
sizePeice.x= 100 sizePeice.y= 100
i=4 pos.x=250 pos.y=250
sizePeice.x= 100 sizePeice.y= 100
i=5 pos.x=500 pos.y=250
sizePeice.x= 100 sizePeice.y= 100
i=6 pos.x=0 pos.y=500
sizePeice.x= 100 sizePeice.y= 100
i=7 pos.x=250 pos.y=500
sizePeice.x= 100 sizePeice.y= 100
i=8 pos.x=500 pos.y=500




computer turn to move.

- - - - - - - - - - Game Status - - - - - - - - - -
x = [0,0,0]
y = [0,1,0]
z = [0,0,0]
game is continue
computer init move = 5
temp_computerMoveCell-1 = 4
computer move applied to ui cellid-1=4
temp_computerMoveCell-1 = 4




player turn to move.
		mouse is clicked on sprite i=8+1

- - - - - - - - - - Game Status - - - - - - - - - -
x = [0,0,0]
y = [0,1,0]
z = [0,0,2]
game is continue
player move applied to ui cellid-1=8
temp_playerMoveCell-1 = 8




computer turn to move.

- - - - - - - - - - Game Status - - - - - - - - - -
x = [0,0,1]
y = [0,1,0]
z = [0,0,2]
game is continue
computer init move = 3
temp_computerMoveCell-1 = 2
computer move applied to ui cellid-1=2
temp_computerMoveCell-1 = 2




player turn to move.
		mouse is clicked on sprite i=5+1

- - - - - - - - - - Game Status - - - - - - - - - -
x = [0,0,1]
y = [0,1,2]
z = [0,0,2]
game is continue
player move applied to ui cellid-1=5
temp_playerMoveCell-1 = 5




computer turn to move.

- - - - - - - - - - Game Status - - - - - - - - - -
x = [0,0,1]
y = [0,1,2]
z = [1,0,2]
player 1 won by raw xyz 357
temp_computerMoveCell-1 = 6
computer move applied to ui cellid-1=6
temp_computerMoveCell-1 = 6




game end?
player 1 won by raw xyz 357
winner is player 1
maxY=600 maxX=600
TEXTURESIZE=100 HALFTEXTURE=50


sizePeice.x= 100 sizePeice.y= 100
i=0 pos.x=0 pos.y=0
sizePeice.x= 100 sizePeice.y= 100
i=1 pos.x=250 pos.y=0
sizePeice.x= 100 sizePeice.y= 100
i=2 pos.x=500 pos.y=0
sizePeice.x= 100 sizePeice.y= 100
i=3 pos.x=0 pos.y=250
sizePeice.x= 100 sizePeice.y= 100
i=4 pos.x=250 pos.y=250
sizePeice.x= 100 sizePeice.y= 100
i=5 pos.x=500 pos.y=250
sizePeice.x= 100 sizePeice.y= 100
i=6 pos.x=0 pos.y=500
sizePeice.x= 100 sizePeice.y= 100
i=7 pos.x=250 pos.y=500
sizePeice.x= 100 sizePeice.y= 100
i=8 pos.x=500 pos.y=500




computer turn to move.

- - - - - - - - - - Game Status - - - - - - - - - -
x = [0,0,0]
y = [0,1,0]
z = [0,0,0]
game is continue
computer init move = 5
temp_computerMoveCell-1 = 4
computer move applied to ui cellid-1=4
temp_computerMoveCell-1 = 4




